<!DOCTYPE html PUBLIC "-//W3C//DTD XHTML 1.1//EN" "https://www.w3.org/TR/xhtml11/DTD/xhtml11.dtd">
<html xmlns="https://www.w3.org/1999/xhtml">
<head>
<meta http-equiv="content-type" content="text/html; charset=UTF-8"/>
<title>TestNG Report</title>
<style type="text/css">table {margin-bottom:10px;border-collapse:collapse;empty-cells:show}th,td {border:1px solid #009;padding:.25em .5em}th {vertical-align:bottom}td {vertical-align:top}table a {font-weight:bold}.stripe td {background-color: #E6EBF9}.num {text-align:right}.passedodd td {background-color: #3F3}.passedeven td {background-color: #0A0}.skippedodd td {background-color: #DDD}.skippedeven td {background-color: #CCC}.failedodd td,.attn {background-color: #F33}.failedeven td,.stripe .attn {background-color: #D00}.stacktrace {white-space:pre;font-family:monospace}.totop {font-size:85%;text-align:center;border-bottom:2px solid #000}.invisible {display:none}</style>
</head>
<body>
<table>
<tr><th>Test</th><th># Passed</th><th># Skipped</th><th># Retried</th><th># Failed</th><th>Time (ms)</th><th>Included Groups</th><th>Excluded Groups</th></tr>
<tr><th colspan="8">Suite</th></tr>
<tr><td><a href="#t0">Test</a></td><td class="num">9</td><td class="num attn">5</td><td class="num">0</td><td class="num attn">5</td><td class="num">130,120</td><td></td><td></td></tr>
</table>
<table id='summary'><thead><tr><th>Class</th><th>Method</th><th>Start</th><th>Time (ms)</th></tr></thead><tbody><tr><th colspan="4">Suite</th></tr></tbody><tbody id="t0"><tr><th colspan="4">Test &#8212; failed (configuration methods)</th></tr><tr class="failedeven"><td rowspan="1">com.vyasasti.testng.basic.DataProviderData</td><td><a href="#m0">openBrowser</a></td><td rowspan="1">1669344556327</td><td rowspan="1">51621</td></tr><tr class="failedodd"><td rowspan="1">com.vyasasti.testng.basic.DataProviderExample</td><td><a href="#m1">browserLaunch</a></td><td rowspan="1">1669344608715</td><td rowspan="1">28631</td></tr><tr class="failedeven"><td rowspan="1">com.vyasasti.testng.basic.PracticeAutomation</td><td><a href="#m2">closeBrowser</a></td><td rowspan="1">1669344637437</td><td rowspan="1">32368</td></tr><tr><th colspan="4">Test &#8212; failed</th></tr><tr class="failedeven"><td rowspan="1">com.vyasasti.testng.basic.AssertTestNG</td><td><a href="#m3">softAssertTest</a></td><td rowspan="1">1669344608382</td><td rowspan="1">45</td></tr><tr class="failedodd"><td rowspan="1">com.vyasasti.testng.basic.DataProviderData</td><td><a href="#m4">loginform</a></td><td rowspan="1">1669344608206</td><td rowspan="1">155</td></tr><tr class="failedeven"><td rowspan="3">com.vyasasti.testng.basic.PracticeAutomation</td><td><a href="#m5">verifyNewArrivalHeaderText</a></td><td rowspan="1">1669344637426</td><td rowspan="1">7</td></tr><tr class="failedeven"><td><a href="#m6">verifySliderCount</a></td><td rowspan="1">1669344637417</td><td rowspan="1">7</td></tr><tr class="failedeven"><td><a href="#m7">verifyTitleOfHomePage</a></td><td rowspan="1">1669344637369</td><td rowspan="1">46</td></tr><tr><th colspan="4">Test &#8212; skipped (configuration methods)</th></tr><tr class="skippedeven"><td rowspan="1">com.vyasasti.testng.basic.DataProviderData</td><td><a href="#m8">closeBrowser</a></td><td rowspan="1">1669344608363</td><td rowspan="1">-1669344608363</td></tr><tr class="skippedodd"><td rowspan="1">com.vyasasti.testng.basic.DataProviderExample</td><td><a href="#m9">closeBrowser</a></td><td rowspan="1">1669344637368</td><td rowspan="1">-1669344637368</td></tr><tr><th colspan="4">Test &#8212; skipped</th></tr><tr class="skippedeven"><td rowspan="4">com.vyasasti.testng.basic.DataProviderExample</td><td><a href="#m10">verifyUserLogon</a></td><td rowspan="4">1669344637358</td><td rowspan="4">0</td></tr><tr class="skippedeven"><td><a href="#m11">verifyUserLogon</a></td></tr><tr class="skippedeven"><td><a href="#m12">verifyUserLogon</a></td></tr><tr class="skippedeven"><td><a href="#m13">verifyUserLogon</a></td></tr><tr class="skippedodd"><td rowspan="1">com.vyasasti.testng.basic.PracticeAutomation</td><td><a href="#m14">test2</a></td><td rowspan="1">1669344637436</td><td rowspan="1">0</td></tr><tr><th colspan="4">Test &#8212; passed</th></tr><tr class="passedeven"><td rowspan="4">com.vyasasti.testng.basic.AssertTestNG</td><td><a href="#m15">m1</a></td><td rowspan="1">1669344608368</td><td rowspan="1">1</td></tr><tr class="passedeven"><td><a href="#m16">m2</a></td><td rowspan="1">1669344608374</td><td rowspan="1">1</td></tr><tr class="passedeven"><td><a href="#m17">m3</a></td><td rowspan="1">1669344608377</td><td rowspan="1">2</td></tr><tr class="passedeven"><td><a href="#m18">m4</a></td><td rowspan="1">1669344608380</td><td rowspan="1">1</td></tr><tr class="passedodd"><td rowspan="3">com.vyasasti.testng.basic.PracticeAutomation</td><td><a href="#m19">test3</a></td><td rowspan="1">1669344608445</td><td rowspan="1">1</td></tr><tr class="passedodd"><td><a href="#m20">verifyBooksCountDisplayed</a></td><td rowspan="1">1669344608447</td><td rowspan="1">267</td></tr><tr class="passedodd"><td><a href="#m21">verifySliderDisplay</a></td><td rowspan="1">1669344555845</td><td rowspan="1">463</td></tr><tr class="passedeven"><td rowspan="2">com.vyasasti.testng.basic.TestNGAnnotations</td><td><a href="#m22">TestMethod1</a></td><td rowspan="1">1669344556320</td><td rowspan="1">1</td></tr><tr class="passedeven"><td><a href="#m23">TestMethod2</a></td><td rowspan="1">1669344556323</td><td rowspan="1">1</td></tr></tbody>
</table>
<h2>Test</h2><h3 id="m0">com.vyasasti.testng.basic.DataProviderData#openBrowser</h3><table class="result"><tr><th>Exception</th></tr><tr><td><div class="stacktrace">org.openqa.selenium.NoSuchElementException: no such element: Unable to locate element: {&quot;method&quot;:&quot;xpath&quot;,&quot;selector&quot;:&quot;//button[text()=&apos;OK&apos;]&quot;}
  (Session info: chrome=107.0.5304.107)
For documentation on this error, please visit: https://www.seleniumhq.org/exceptions/no_such_element.html
Build info: version: &apos;3.141.59&apos;, revision: &apos;e82be7d358&apos;, time: &apos;2018-11-14T08:17:03&apos;
System info: host: &apos;DESKTOP-58RE0M7&apos;, ip: &apos;192.168.29.152&apos;, os.name: &apos;Windows 10&apos;, os.arch: &apos;amd64&apos;, os.version: &apos;10.0&apos;, java.version: &apos;18.0.1&apos;
Driver info: org.openqa.selenium.chrome.ChromeDriver
Capabilities {acceptInsecureCerts: false, browserName: chrome, browserVersion: 107.0.5304.107, chrome: {chromedriverVersion: 106.0.5249.61 (511755355844..., userDataDir: C:\Users\Mahadev\AppData\Lo...}, goog:chromeOptions: {debuggerAddress: localhost:50816}, javascriptEnabled: true, networkConnectionEnabled: false, pageLoadStrategy: normal, platform: WINDOWS, platformName: WINDOWS, proxy: Proxy(), setWindowRect: true, strictFileInteractability: false, timeouts: {implicit: 0, pageLoad: 300000, script: 30000}, unhandledPromptBehavior: dismiss and notify, webauthn:extension:credBlob: true, webauthn:extension:largeBlob: true, webauthn:virtualAuthenticators: true}
Session ID: 4cc1de91520705213a90c86fea41cb95
*** Element info: {Using=xpath, value=//button[text()=&apos;OK&apos;]}
	at org.openqa.selenium.remote.http.W3CHttpResponseCodec.createException(W3CHttpResponseCodec.java:187)
	at org.openqa.selenium.remote.http.W3CHttpResponseCodec.decode(W3CHttpResponseCodec.java:122)
	at org.openqa.selenium.remote.http.W3CHttpResponseCodec.decode(W3CHttpResponseCodec.java:49)
	at org.openqa.selenium.remote.HttpCommandExecutor.execute(HttpCommandExecutor.java:158)
	at org.openqa.selenium.remote.service.DriverCommandExecutor.execute(DriverCommandExecutor.java:83)
	at org.openqa.selenium.remote.RemoteWebDriver.execute(RemoteWebDriver.java:552)
	at org.openqa.selenium.remote.RemoteWebDriver.findElement(RemoteWebDriver.java:323)
	at org.openqa.selenium.remote.RemoteWebDriver.findElementByXPath(RemoteWebDriver.java:428)
	at org.openqa.selenium.By$ByXPath.findElement(By.java:353)
	at org.openqa.selenium.remote.RemoteWebDriver.findElement(RemoteWebDriver.java:315)
	at com.vyasasti.testng.basic.DataProviderData.openBrowser(DataProviderData.java:28)
	at java.base/java.util.ArrayList.forEach(ArrayList.java:1511)
... Removed 30 stack frames</div></td></tr></table><p class="totop"><a href="#summary">back to summary</a></p>
<h3 id="m1">com.vyasasti.testng.basic.DataProviderExample#browserLaunch</h3><table class="result"><tr><th>Exception</th></tr><tr><td><div class="stacktrace">org.openqa.selenium.WebDriverException: disconnected: received Inspector.detached event
  (failed to check if window was closed: disconnected: unable to connect to renderer)
  (Session info: chrome=107.0.5304.107)
Build info: version: &apos;3.141.59&apos;, revision: &apos;e82be7d358&apos;, time: &apos;2018-11-14T08:17:03&apos;
System info: host: &apos;DESKTOP-58RE0M7&apos;, ip: &apos;192.168.29.152&apos;, os.name: &apos;Windows 10&apos;, os.arch: &apos;amd64&apos;, os.version: &apos;10.0&apos;, java.version: &apos;18.0.1&apos;
Driver info: driver.version: ChromeDriver
remote stacktrace: Backtrace:
	Ordinal0 [0x00BC1ED3+2236115]
	Ordinal0 [0x00B592F1+1807089]
	Ordinal0 [0x00A666FD+812797]
	Ordinal0 [0x00A5A1B6+762294]
	Ordinal0 [0x00A59E33+761395]
	Ordinal0 [0x00A59350+758608]
	Ordinal0 [0x00A592C1+758465]
	Ordinal0 [0x00A58113+753939]
	Ordinal0 [0x00A5861D+755229]
	Ordinal0 [0x00A57D25+752933]
	Ordinal0 [0x00A62083+794755]
	Ordinal0 [0x00A57CD5+752853]
	Ordinal0 [0x00A58EE6+757478]
	Ordinal0 [0x00A58113+753939]
	Ordinal0 [0x00A5861D+755229]
	Ordinal0 [0x00A57D25+752933]
	Ordinal0 [0x00A5FBB8+785336]
	Ordinal0 [0x00A57CD5+752853]
	Ordinal0 [0x00A58EE6+757478]
	Ordinal0 [0x00A58113+753939]
	Ordinal0 [0x00A5861D+755229]
	Ordinal0 [0x00A57D25+752933]
	Ordinal0 [0x00A5D5C2+775618]
	Ordinal0 [0x00A57CD5+752853]
	Ordinal0 [0x00A58EE6+757478]
	Ordinal0 [0x00A58113+753939]
	Ordinal0 [0x00A5861D+755229]
	Ordinal0 [0x00A57D25+752933]
	Ordinal0 [0x00A52F2D+732973]
	Ordinal0 [0x00A57CD5+752853]
	Ordinal0 [0x00A574FD+750845]
	Ordinal0 [0x00A5720F+750095]
	Ordinal0 [0x00A67B93+818067]
	Ordinal0 [0x00A4D2E9+709353]
	Ordinal0 [0x00A4C4EB+705771]
	Ordinal0 [0x00AB8215+1147413]
	Ordinal0 [0x00AB7A6A+1145450]
	Ordinal0 [0x00AB18A6+1120422]
	Ordinal0 [0x00A8A73D+960317]
	Ordinal0 [0x00A8B71F+964383]
	GetHandleVerifier [0x00E6E7E2+2743074]
	GetHandleVerifier [0x00E608D4+2685972]
	GetHandleVerifier [0x00C52BAA+532202]
	GetHandleVerifier [0x00C51990+527568]
	Ordinal0 [0x00B6080C+1837068]
	Ordinal0 [0x00B64CD8+1854680]
	Ordinal0 [0x00B64DC5+1854917]
	Ordinal0 [0x00B6ED64+1895780]
	BaseThreadInitThunk [0x7681FEF9+25]
	RtlGetAppContainerNamedObjectPath [0x770A7BBE+286]
	RtlGetAppContainerNamedObjectPath [0x770A7B8E+238]

	at org.openqa.selenium.remote.W3CHandshakeResponse.lambda$errorHandler$0(W3CHandshakeResponse.java:62)
	at org.openqa.selenium.remote.HandshakeResponse.lambda$getResponseFunction$0(HandshakeResponse.java:30)
	at org.openqa.selenium.remote.ProtocolHandshake.lambda$createSession$0(ProtocolHandshake.java:126)
	at java.base/java.util.stream.ReferencePipeline$3$1.accept(ReferencePipeline.java:197)
	at java.base/java.util.Spliterators$ArraySpliterator.tryAdvance(Spliterators.java:1002)
	at java.base/java.util.stream.ReferencePipeline.forEachWithCancel(ReferencePipeline.java:129)
	at java.base/java.util.stream.AbstractPipeline.copyIntoWithCancel(AbstractPipeline.java:527)
	at java.base/java.util.stream.AbstractPipeline.copyInto(AbstractPipeline.java:513)
	at java.base/java.util.stream.AbstractPipeline.wrapAndCopyInto(AbstractPipeline.java:499)
	at java.base/java.util.stream.FindOps$FindOp.evaluateSequential(FindOps.java:150)
	at java.base/java.util.stream.AbstractPipeline.evaluate(AbstractPipeline.java:234)
	at java.base/java.util.stream.ReferencePipeline.findFirst(ReferencePipeline.java:647)
	at org.openqa.selenium.remote.ProtocolHandshake.createSession(ProtocolHandshake.java:128)
	at org.openqa.selenium.remote.ProtocolHandshake.createSession(ProtocolHandshake.java:74)
	at org.openqa.selenium.remote.HttpCommandExecutor.execute(HttpCommandExecutor.java:136)
	at org.openqa.selenium.remote.service.DriverCommandExecutor.execute(DriverCommandExecutor.java:83)
	at org.openqa.selenium.remote.RemoteWebDriver.execute(RemoteWebDriver.java:552)
	at org.openqa.selenium.remote.RemoteWebDriver.startSession(RemoteWebDriver.java:213)
	at org.openqa.selenium.remote.RemoteWebDriver.&lt;init&gt;(RemoteWebDriver.java:131)
	at org.openqa.selenium.chrome.ChromeDriver.&lt;init&gt;(ChromeDriver.java:181)
	at org.openqa.selenium.chrome.ChromeDriver.&lt;init&gt;(ChromeDriver.java:168)
	at org.openqa.selenium.chrome.ChromeDriver.&lt;init&gt;(ChromeDriver.java:123)
	at com.vyasasti.testng.basic.DataProviderExample.browserLaunch(DataProviderExample.java:23)
	at java.base/java.util.ArrayList.forEach(ArrayList.java:1511)
... Removed 30 stack frames</div></td></tr></table><p class="totop"><a href="#summary">back to summary</a></p>
<h3 id="m2">com.vyasasti.testng.basic.PracticeAutomation#closeBrowser</h3><table class="result"><tr><th>Exception</th></tr><tr><td><div class="stacktrace">org.openqa.selenium.WebDriverException: disconnected: unable to connect to renderer
  (failed to check if window was closed: disconnected: unable to connect to renderer)
  (Session info: chrome=107.0.5304.107)
Build info: version: &apos;3.141.59&apos;, revision: &apos;e82be7d358&apos;, time: &apos;2018-11-14T08:17:03&apos;
System info: host: &apos;DESKTOP-58RE0M7&apos;, ip: &apos;192.168.29.152&apos;, os.name: &apos;Windows 10&apos;, os.arch: &apos;amd64&apos;, os.version: &apos;10.0&apos;, java.version: &apos;18.0.1&apos;
Driver info: org.openqa.selenium.chrome.ChromeDriver
Capabilities {acceptInsecureCerts: false, browserName: chrome, browserVersion: 107.0.5304.107, chrome: {chromedriverVersion: 106.0.5249.61 (511755355844..., userDataDir: C:\Users\Mahadev\AppData\Lo...}, goog:chromeOptions: {debuggerAddress: localhost:50790}, javascriptEnabled: true, networkConnectionEnabled: false, pageLoadStrategy: normal, platform: WINDOWS, platformName: WINDOWS, proxy: Proxy(), setWindowRect: true, strictFileInteractability: false, timeouts: {implicit: 0, pageLoad: 300000, script: 30000}, unhandledPromptBehavior: dismiss and notify, webauthn:extension:credBlob: true, webauthn:extension:largeBlob: true, webauthn:virtualAuthenticators: true}
Session ID: 300665de6f7e8ae61362a69825c12e3f
	at org.openqa.selenium.remote.http.W3CHttpResponseCodec.createException(W3CHttpResponseCodec.java:187)
	at org.openqa.selenium.remote.http.W3CHttpResponseCodec.decode(W3CHttpResponseCodec.java:122)
	at org.openqa.selenium.remote.http.W3CHttpResponseCodec.decode(W3CHttpResponseCodec.java:49)
	at org.openqa.selenium.remote.HttpCommandExecutor.execute(HttpCommandExecutor.java:158)
	at org.openqa.selenium.remote.service.DriverCommandExecutor.execute(DriverCommandExecutor.java:83)
	at org.openqa.selenium.remote.RemoteWebDriver.execute(RemoteWebDriver.java:552)
	at org.openqa.selenium.remote.RemoteWebDriver.execute(RemoteWebDriver.java:609)
	at org.openqa.selenium.remote.RemoteWebDriver.close(RemoteWebDriver.java:442)
	at com.vyasasti.testng.basic.PracticeAutomation.closeBrowser(PracticeAutomation.java:84)
	at java.base/java.util.ArrayList.forEach(ArrayList.java:1511)
... Removed 30 stack frames</div></td></tr></table><p class="totop"><a href="#summary">back to summary</a></p>
<h3 id="m3">com.vyasasti.testng.basic.AssertTestNG#softAssertTest</h3><table class="result"><tr><th>Exception</th></tr><tr><td><div class="stacktrace">java.lang.AssertionError: The following asserts failed:
	expected [A] but found [B],
	expected [false] but found [true]
	at com.vyasasti.testng.basic.AssertTestNG.softAssertTest(AssertTestNG.java:55)
	at java.base/java.util.ArrayList.forEach(ArrayList.java:1511)
... Removed 31 stack frames</div></td></tr></table><p class="totop"><a href="#summary">back to summary</a></p>
<h3 id="m4">com.vyasasti.testng.basic.DataProviderData#loginform</h3><table class="result"><tr><th>Exception</th></tr><tr><td><div class="stacktrace">org.testng.internal.reflect.MethodMatcherException: 
[public void com.vyasasti.testng.basic.DataProviderData.loginform(java.lang.String,java.lang.String,java.lang.String,java.lang.String,java.lang.String,java.lang.String)] has no parameters defined but was found to be using a data provider (either explicitly specified or inherited from class level annotation).
Data provider mismatch
Method: loginform([Parameter{index=0, type=java.lang.String, declaredAnnotations=[]}, Parameter{index=1, type=java.lang.String, declaredAnnotations=[]}, Parameter{index=2, type=java.lang.String, declaredAnnotations=[]}, Parameter{index=3, type=java.lang.String, declaredAnnotations=[]}, Parameter{index=4, type=java.lang.String, declaredAnnotations=[]}, Parameter{index=5, type=java.lang.String, declaredAnnotations=[]}])
Arguments: []
	at java.base/java.util.ArrayList.forEach(ArrayList.java:1511)
... Removed 26 stack frames</div></td></tr></table><p class="totop"><a href="#summary">back to summary</a></p>
<h3 id="m5">com.vyasasti.testng.basic.PracticeAutomation#verifyNewArrivalHeaderText</h3><table class="result"><tr><th>Exception</th></tr><tr><td><div class="stacktrace">org.openqa.selenium.NoSuchWindowException: no such window: target window already closed
from unknown error: web view not found
  (Session info: chrome=107.0.5304.107)
Build info: version: &apos;3.141.59&apos;, revision: &apos;e82be7d358&apos;, time: &apos;2018-11-14T08:17:03&apos;
System info: host: &apos;DESKTOP-58RE0M7&apos;, ip: &apos;192.168.29.152&apos;, os.name: &apos;Windows 10&apos;, os.arch: &apos;amd64&apos;, os.version: &apos;10.0&apos;, java.version: &apos;18.0.1&apos;
Driver info: org.openqa.selenium.chrome.ChromeDriver
Capabilities {acceptInsecureCerts: false, browserName: chrome, browserVersion: 107.0.5304.107, chrome: {chromedriverVersion: 106.0.5249.61 (511755355844..., userDataDir: C:\Users\Mahadev\AppData\Lo...}, goog:chromeOptions: {debuggerAddress: localhost:50790}, javascriptEnabled: true, networkConnectionEnabled: false, pageLoadStrategy: normal, platform: WINDOWS, platformName: WINDOWS, proxy: Proxy(), setWindowRect: true, strictFileInteractability: false, timeouts: {implicit: 0, pageLoad: 300000, script: 30000}, unhandledPromptBehavior: dismiss and notify, webauthn:extension:credBlob: true, webauthn:extension:largeBlob: true, webauthn:virtualAuthenticators: true}
Session ID: 300665de6f7e8ae61362a69825c12e3f
*** Element info: {Using=tag name, value=h2}
	at org.openqa.selenium.remote.http.W3CHttpResponseCodec.createException(W3CHttpResponseCodec.java:187)
	at org.openqa.selenium.remote.http.W3CHttpResponseCodec.decode(W3CHttpResponseCodec.java:122)
	at org.openqa.selenium.remote.http.W3CHttpResponseCodec.decode(W3CHttpResponseCodec.java:49)
	at org.openqa.selenium.remote.HttpCommandExecutor.execute(HttpCommandExecutor.java:158)
	at org.openqa.selenium.remote.service.DriverCommandExecutor.execute(DriverCommandExecutor.java:83)
	at org.openqa.selenium.remote.RemoteWebDriver.execute(RemoteWebDriver.java:552)
	at org.openqa.selenium.remote.RemoteWebDriver.findElement(RemoteWebDriver.java:323)
	at org.openqa.selenium.remote.RemoteWebDriver.findElementByTagName(RemoteWebDriver.java:396)
	at org.openqa.selenium.By$ByTagName.findElement(By.java:320)
	at org.openqa.selenium.remote.RemoteWebDriver.findElement(RemoteWebDriver.java:315)
	at com.vyasasti.testng.basic.PracticeAutomation.verifyNewArrivalHeaderText(PracticeAutomation.java:53)
	at java.base/java.util.ArrayList.forEach(ArrayList.java:1511)
... Removed 32 stack frames</div></td></tr></table><p class="totop"><a href="#summary">back to summary</a></p>
<h3 id="m6">com.vyasasti.testng.basic.PracticeAutomation#verifySliderCount</h3><table class="result"><tr><th>Exception</th></tr><tr><td><div class="stacktrace">org.openqa.selenium.NoSuchWindowException: no such window: target window already closed
from unknown error: web view not found
  (Session info: chrome=107.0.5304.107)
Build info: version: &apos;3.141.59&apos;, revision: &apos;e82be7d358&apos;, time: &apos;2018-11-14T08:17:03&apos;
System info: host: &apos;DESKTOP-58RE0M7&apos;, ip: &apos;192.168.29.152&apos;, os.name: &apos;Windows 10&apos;, os.arch: &apos;amd64&apos;, os.version: &apos;10.0&apos;, java.version: &apos;18.0.1&apos;
Driver info: org.openqa.selenium.chrome.ChromeDriver
Capabilities {acceptInsecureCerts: false, browserName: chrome, browserVersion: 107.0.5304.107, chrome: {chromedriverVersion: 106.0.5249.61 (511755355844..., userDataDir: C:\Users\Mahadev\AppData\Lo...}, goog:chromeOptions: {debuggerAddress: localhost:50790}, javascriptEnabled: true, networkConnectionEnabled: false, pageLoadStrategy: normal, platform: WINDOWS, platformName: WINDOWS, proxy: Proxy(), setWindowRect: true, strictFileInteractability: false, timeouts: {implicit: 0, pageLoad: 300000, script: 30000}, unhandledPromptBehavior: dismiss and notify, webauthn:extension:credBlob: true, webauthn:extension:largeBlob: true, webauthn:virtualAuthenticators: true}
Session ID: 300665de6f7e8ae61362a69825c12e3f
*** Element info: {Using=xpath, value=//div[@id=&quot;text-22-0-0-1&quot;]//img[@class=&quot;n2-ss-slide-background-image n2-ss-slide-fill n2-ow&quot;]}
	at org.openqa.selenium.remote.http.W3CHttpResponseCodec.createException(W3CHttpResponseCodec.java:187)
	at org.openqa.selenium.remote.http.W3CHttpResponseCodec.decode(W3CHttpResponseCodec.java:122)
	at org.openqa.selenium.remote.http.W3CHttpResponseCodec.decode(W3CHttpResponseCodec.java:49)
	at org.openqa.selenium.remote.HttpCommandExecutor.execute(HttpCommandExecutor.java:158)
	at org.openqa.selenium.remote.service.DriverCommandExecutor.execute(DriverCommandExecutor.java:83)
	at org.openqa.selenium.remote.RemoteWebDriver.execute(RemoteWebDriver.java:552)
	at org.openqa.selenium.remote.RemoteWebDriver.findElements(RemoteWebDriver.java:353)
	at org.openqa.selenium.remote.RemoteWebDriver.findElementsByXPath(RemoteWebDriver.java:432)
	at org.openqa.selenium.By$ByXPath.findElements(By.java:348)
	at org.openqa.selenium.remote.RemoteWebDriver.findElements(RemoteWebDriver.java:311)
	at com.vyasasti.testng.basic.PracticeAutomation.verifySliderCount(PracticeAutomation.java:68)
	at java.base/java.util.ArrayList.forEach(ArrayList.java:1511)
... Removed 32 stack frames</div></td></tr></table><p class="totop"><a href="#summary">back to summary</a></p>
<h3 id="m7">com.vyasasti.testng.basic.PracticeAutomation#verifyTitleOfHomePage</h3><table class="result"><tr><th>Exception</th></tr><tr><td><div class="stacktrace">org.openqa.selenium.NoSuchWindowException: no such window: target window already closed
from unknown error: web view not found
  (Session info: chrome=107.0.5304.107)
Build info: version: &apos;3.141.59&apos;, revision: &apos;e82be7d358&apos;, time: &apos;2018-11-14T08:17:03&apos;
System info: host: &apos;DESKTOP-58RE0M7&apos;, ip: &apos;192.168.29.152&apos;, os.name: &apos;Windows 10&apos;, os.arch: &apos;amd64&apos;, os.version: &apos;10.0&apos;, java.version: &apos;18.0.1&apos;
Driver info: org.openqa.selenium.chrome.ChromeDriver
Capabilities {acceptInsecureCerts: false, browserName: chrome, browserVersion: 107.0.5304.107, chrome: {chromedriverVersion: 106.0.5249.61 (511755355844..., userDataDir: C:\Users\Mahadev\AppData\Lo...}, goog:chromeOptions: {debuggerAddress: localhost:50790}, javascriptEnabled: true, networkConnectionEnabled: false, pageLoadStrategy: normal, platform: WINDOWS, platformName: WINDOWS, proxy: Proxy(), setWindowRect: true, strictFileInteractability: false, timeouts: {implicit: 0, pageLoad: 300000, script: 30000}, unhandledPromptBehavior: dismiss and notify, webauthn:extension:credBlob: true, webauthn:extension:largeBlob: true, webauthn:virtualAuthenticators: true}
Session ID: 300665de6f7e8ae61362a69825c12e3f
	at org.openqa.selenium.remote.http.W3CHttpResponseCodec.createException(W3CHttpResponseCodec.java:187)
	at org.openqa.selenium.remote.http.W3CHttpResponseCodec.decode(W3CHttpResponseCodec.java:122)
	at org.openqa.selenium.remote.http.W3CHttpResponseCodec.decode(W3CHttpResponseCodec.java:49)
	at org.openqa.selenium.remote.HttpCommandExecutor.execute(HttpCommandExecutor.java:158)
	at org.openqa.selenium.remote.service.DriverCommandExecutor.execute(DriverCommandExecutor.java:83)
	at org.openqa.selenium.remote.RemoteWebDriver.execute(RemoteWebDriver.java:552)
	at org.openqa.selenium.remote.RemoteWebDriver.execute(RemoteWebDriver.java:609)
	at org.openqa.selenium.remote.RemoteWebDriver.getTitle(RemoteWebDriver.java:281)
	at com.vyasasti.testng.basic.PracticeAutomation.verifyTitleOfHomePage(PracticeAutomation.java:35)
	at java.base/java.util.concurrent.FutureTask.run(FutureTask.java:264)
	at java.base/java.util.concurrent.ThreadPoolExecutor.runWorker(ThreadPoolExecutor.java:1136)
	at java.base/java.util.concurrent.ThreadPoolExecutor$Worker.run(ThreadPoolExecutor.java:635)
	at java.base/java.lang.Thread.run(Thread.java:833)
... Removed 9 stack frames</div></td></tr></table><p class="totop"><a href="#summary">back to summary</a></p>
<h3 id="m8">com.vyasasti.testng.basic.DataProviderData#closeBrowser</h3><table class="result"><tr><th class="invisible"/></tr></table><p class="totop"><a href="#summary">back to summary</a></p>
<h3 id="m9">com.vyasasti.testng.basic.DataProviderExample#closeBrowser</h3><table class="result"><tr><th class="invisible"/></tr></table><p class="totop"><a href="#summary">back to summary</a></p>
<h3 id="m10">com.vyasasti.testng.basic.DataProviderExample#verifyUserLogon</h3><table class="result"><tr class="param"><th>Parameter #1</th><th>Parameter #2</th><th>Parameter #3</th></tr><tr class="param stripe"><td>blankpass</td><td>vyasainstitute2022@gmail.com</td><td></td></tr><tr><th colspan="3">Exception</th></tr><tr><td colspan="3"><div class="stacktrace">org.openqa.selenium.WebDriverException: disconnected: received Inspector.detached event
  (failed to check if window was closed: disconnected: unable to connect to renderer)
  (Session info: chrome=107.0.5304.107)
Build info: version: &apos;3.141.59&apos;, revision: &apos;e82be7d358&apos;, time: &apos;2018-11-14T08:17:03&apos;
System info: host: &apos;DESKTOP-58RE0M7&apos;, ip: &apos;192.168.29.152&apos;, os.name: &apos;Windows 10&apos;, os.arch: &apos;amd64&apos;, os.version: &apos;10.0&apos;, java.version: &apos;18.0.1&apos;
Driver info: driver.version: ChromeDriver
remote stacktrace: Backtrace:
	Ordinal0 [0x00BC1ED3+2236115]
	Ordinal0 [0x00B592F1+1807089]
	Ordinal0 [0x00A666FD+812797]
	Ordinal0 [0x00A5A1B6+762294]
	Ordinal0 [0x00A59E33+761395]
	Ordinal0 [0x00A59350+758608]
	Ordinal0 [0x00A592C1+758465]
	Ordinal0 [0x00A58113+753939]
	Ordinal0 [0x00A5861D+755229]
	Ordinal0 [0x00A57D25+752933]
	Ordinal0 [0x00A62083+794755]
	Ordinal0 [0x00A57CD5+752853]
	Ordinal0 [0x00A58EE6+757478]
	Ordinal0 [0x00A58113+753939]
	Ordinal0 [0x00A5861D+755229]
	Ordinal0 [0x00A57D25+752933]
	Ordinal0 [0x00A5FBB8+785336]
	Ordinal0 [0x00A57CD5+752853]
	Ordinal0 [0x00A58EE6+757478]
	Ordinal0 [0x00A58113+753939]
	Ordinal0 [0x00A5861D+755229]
	Ordinal0 [0x00A57D25+752933]
	Ordinal0 [0x00A5D5C2+775618]
	Ordinal0 [0x00A57CD5+752853]
	Ordinal0 [0x00A58EE6+757478]
	Ordinal0 [0x00A58113+753939]
	Ordinal0 [0x00A5861D+755229]
	Ordinal0 [0x00A57D25+752933]
	Ordinal0 [0x00A52F2D+732973]
	Ordinal0 [0x00A57CD5+752853]
	Ordinal0 [0x00A574FD+750845]
	Ordinal0 [0x00A5720F+750095]
	Ordinal0 [0x00A67B93+818067]
	Ordinal0 [0x00A4D2E9+709353]
	Ordinal0 [0x00A4C4EB+705771]
	Ordinal0 [0x00AB8215+1147413]
	Ordinal0 [0x00AB7A6A+1145450]
	Ordinal0 [0x00AB18A6+1120422]
	Ordinal0 [0x00A8A73D+960317]
	Ordinal0 [0x00A8B71F+964383]
	GetHandleVerifier [0x00E6E7E2+2743074]
	GetHandleVerifier [0x00E608D4+2685972]
	GetHandleVerifier [0x00C52BAA+532202]
	GetHandleVerifier [0x00C51990+527568]
	Ordinal0 [0x00B6080C+1837068]
	Ordinal0 [0x00B64CD8+1854680]
	Ordinal0 [0x00B64DC5+1854917]
	Ordinal0 [0x00B6ED64+1895780]
	BaseThreadInitThunk [0x7681FEF9+25]
	RtlGetAppContainerNamedObjectPath [0x770A7BBE+286]
	RtlGetAppContainerNamedObjectPath [0x770A7B8E+238]

	at org.openqa.selenium.remote.W3CHandshakeResponse.lambda$errorHandler$0(W3CHandshakeResponse.java:62)
	at org.openqa.selenium.remote.HandshakeResponse.lambda$getResponseFunction$0(HandshakeResponse.java:30)
	at org.openqa.selenium.remote.ProtocolHandshake.lambda$createSession$0(ProtocolHandshake.java:126)
	at java.base/java.util.stream.ReferencePipeline$3$1.accept(ReferencePipeline.java:197)
	at java.base/java.util.Spliterators$ArraySpliterator.tryAdvance(Spliterators.java:1002)
	at java.base/java.util.stream.ReferencePipeline.forEachWithCancel(ReferencePipeline.java:129)
	at java.base/java.util.stream.AbstractPipeline.copyIntoWithCancel(AbstractPipeline.java:527)
	at java.base/java.util.stream.AbstractPipeline.copyInto(AbstractPipeline.java:513)
	at java.base/java.util.stream.AbstractPipeline.wrapAndCopyInto(AbstractPipeline.java:499)
	at java.base/java.util.stream.FindOps$FindOp.evaluateSequential(FindOps.java:150)
	at java.base/java.util.stream.AbstractPipeline.evaluate(AbstractPipeline.java:234)
	at java.base/java.util.stream.ReferencePipeline.findFirst(ReferencePipeline.java:647)
	at org.openqa.selenium.remote.ProtocolHandshake.createSession(ProtocolHandshake.java:128)
	at org.openqa.selenium.remote.ProtocolHandshake.createSession(ProtocolHandshake.java:74)
	at org.openqa.selenium.remote.HttpCommandExecutor.execute(HttpCommandExecutor.java:136)
	at org.openqa.selenium.remote.service.DriverCommandExecutor.execute(DriverCommandExecutor.java:83)
	at org.openqa.selenium.remote.RemoteWebDriver.execute(RemoteWebDriver.java:552)
	at org.openqa.selenium.remote.RemoteWebDriver.startSession(RemoteWebDriver.java:213)
	at org.openqa.selenium.remote.RemoteWebDriver.&lt;init&gt;(RemoteWebDriver.java:131)
	at org.openqa.selenium.chrome.ChromeDriver.&lt;init&gt;(ChromeDriver.java:181)
	at org.openqa.selenium.chrome.ChromeDriver.&lt;init&gt;(ChromeDriver.java:168)
	at org.openqa.selenium.chrome.ChromeDriver.&lt;init&gt;(ChromeDriver.java:123)
	at com.vyasasti.testng.basic.DataProviderExample.browserLaunch(DataProviderExample.java:23)
	at java.base/java.util.ArrayList.forEach(ArrayList.java:1511)
... Removed 30 stack frames</div></td></tr></table><p class="totop"><a href="#summary">back to summary</a></p>
<h3 id="m11">com.vyasasti.testng.basic.DataProviderExample#verifyUserLogon</h3><table class="result"><tr class="param"><th>Parameter #1</th><th>Parameter #2</th><th>Parameter #3</th></tr><tr class="param stripe"><td>validLogin</td><td>vyasainstitute2022@gmail.com</td><td>Vyasa@12345</td></tr><tr><th colspan="3">Exception</th></tr><tr><td colspan="3"><div class="stacktrace">org.openqa.selenium.WebDriverException: disconnected: received Inspector.detached event
  (failed to check if window was closed: disconnected: unable to connect to renderer)
  (Session info: chrome=107.0.5304.107)
Build info: version: &apos;3.141.59&apos;, revision: &apos;e82be7d358&apos;, time: &apos;2018-11-14T08:17:03&apos;
System info: host: &apos;DESKTOP-58RE0M7&apos;, ip: &apos;192.168.29.152&apos;, os.name: &apos;Windows 10&apos;, os.arch: &apos;amd64&apos;, os.version: &apos;10.0&apos;, java.version: &apos;18.0.1&apos;
Driver info: driver.version: ChromeDriver
remote stacktrace: Backtrace:
	Ordinal0 [0x00BC1ED3+2236115]
	Ordinal0 [0x00B592F1+1807089]
	Ordinal0 [0x00A666FD+812797]
	Ordinal0 [0x00A5A1B6+762294]
	Ordinal0 [0x00A59E33+761395]
	Ordinal0 [0x00A59350+758608]
	Ordinal0 [0x00A592C1+758465]
	Ordinal0 [0x00A58113+753939]
	Ordinal0 [0x00A5861D+755229]
	Ordinal0 [0x00A57D25+752933]
	Ordinal0 [0x00A62083+794755]
	Ordinal0 [0x00A57CD5+752853]
	Ordinal0 [0x00A58EE6+757478]
	Ordinal0 [0x00A58113+753939]
	Ordinal0 [0x00A5861D+755229]
	Ordinal0 [0x00A57D25+752933]
	Ordinal0 [0x00A5FBB8+785336]
	Ordinal0 [0x00A57CD5+752853]
	Ordinal0 [0x00A58EE6+757478]
	Ordinal0 [0x00A58113+753939]
	Ordinal0 [0x00A5861D+755229]
	Ordinal0 [0x00A57D25+752933]
	Ordinal0 [0x00A5D5C2+775618]
	Ordinal0 [0x00A57CD5+752853]
	Ordinal0 [0x00A58EE6+757478]
	Ordinal0 [0x00A58113+753939]
	Ordinal0 [0x00A5861D+755229]
	Ordinal0 [0x00A57D25+752933]
	Ordinal0 [0x00A52F2D+732973]
	Ordinal0 [0x00A57CD5+752853]
	Ordinal0 [0x00A574FD+750845]
	Ordinal0 [0x00A5720F+750095]
	Ordinal0 [0x00A67B93+818067]
	Ordinal0 [0x00A4D2E9+709353]
	Ordinal0 [0x00A4C4EB+705771]
	Ordinal0 [0x00AB8215+1147413]
	Ordinal0 [0x00AB7A6A+1145450]
	Ordinal0 [0x00AB18A6+1120422]
	Ordinal0 [0x00A8A73D+960317]
	Ordinal0 [0x00A8B71F+964383]
	GetHandleVerifier [0x00E6E7E2+2743074]
	GetHandleVerifier [0x00E608D4+2685972]
	GetHandleVerifier [0x00C52BAA+532202]
	GetHandleVerifier [0x00C51990+527568]
	Ordinal0 [0x00B6080C+1837068]
	Ordinal0 [0x00B64CD8+1854680]
	Ordinal0 [0x00B64DC5+1854917]
	Ordinal0 [0x00B6ED64+1895780]
	BaseThreadInitThunk [0x7681FEF9+25]
	RtlGetAppContainerNamedObjectPath [0x770A7BBE+286]
	RtlGetAppContainerNamedObjectPath [0x770A7B8E+238]

	at org.openqa.selenium.remote.W3CHandshakeResponse.lambda$errorHandler$0(W3CHandshakeResponse.java:62)
	at org.openqa.selenium.remote.HandshakeResponse.lambda$getResponseFunction$0(HandshakeResponse.java:30)
	at org.openqa.selenium.remote.ProtocolHandshake.lambda$createSession$0(ProtocolHandshake.java:126)
	at java.base/java.util.stream.ReferencePipeline$3$1.accept(ReferencePipeline.java:197)
	at java.base/java.util.Spliterators$ArraySpliterator.tryAdvance(Spliterators.java:1002)
	at java.base/java.util.stream.ReferencePipeline.forEachWithCancel(ReferencePipeline.java:129)
	at java.base/java.util.stream.AbstractPipeline.copyIntoWithCancel(AbstractPipeline.java:527)
	at java.base/java.util.stream.AbstractPipeline.copyInto(AbstractPipeline.java:513)
	at java.base/java.util.stream.AbstractPipeline.wrapAndCopyInto(AbstractPipeline.java:499)
	at java.base/java.util.stream.FindOps$FindOp.evaluateSequential(FindOps.java:150)
	at java.base/java.util.stream.AbstractPipeline.evaluate(AbstractPipeline.java:234)
	at java.base/java.util.stream.ReferencePipeline.findFirst(ReferencePipeline.java:647)
	at org.openqa.selenium.remote.ProtocolHandshake.createSession(ProtocolHandshake.java:128)
	at org.openqa.selenium.remote.ProtocolHandshake.createSession(ProtocolHandshake.java:74)
	at org.openqa.selenium.remote.HttpCommandExecutor.execute(HttpCommandExecutor.java:136)
	at org.openqa.selenium.remote.service.DriverCommandExecutor.execute(DriverCommandExecutor.java:83)
	at org.openqa.selenium.remote.RemoteWebDriver.execute(RemoteWebDriver.java:552)
	at org.openqa.selenium.remote.RemoteWebDriver.startSession(RemoteWebDriver.java:213)
	at org.openqa.selenium.remote.RemoteWebDriver.&lt;init&gt;(RemoteWebDriver.java:131)
	at org.openqa.selenium.chrome.ChromeDriver.&lt;init&gt;(ChromeDriver.java:181)
	at org.openqa.selenium.chrome.ChromeDriver.&lt;init&gt;(ChromeDriver.java:168)
	at org.openqa.selenium.chrome.ChromeDriver.&lt;init&gt;(ChromeDriver.java:123)
	at com.vyasasti.testng.basic.DataProviderExample.browserLaunch(DataProviderExample.java:23)
	at java.base/java.util.ArrayList.forEach(ArrayList.java:1511)
... Removed 30 stack frames</div></td></tr></table><p class="totop"><a href="#summary">back to summary</a></p>
<h3 id="m12">com.vyasasti.testng.basic.DataProviderExample#verifyUserLogon</h3><table class="result"><tr class="param"><th>Parameter #1</th><th>Parameter #2</th><th>Parameter #3</th></tr><tr class="param stripe"><td>invalidlogin</td><td>vyasainstitute@gmail.com</td><td>Vyasa@12345</td></tr><tr><th colspan="3">Exception</th></tr><tr><td colspan="3"><div class="stacktrace">org.openqa.selenium.WebDriverException: disconnected: received Inspector.detached event
  (failed to check if window was closed: disconnected: unable to connect to renderer)
  (Session info: chrome=107.0.5304.107)
Build info: version: &apos;3.141.59&apos;, revision: &apos;e82be7d358&apos;, time: &apos;2018-11-14T08:17:03&apos;
System info: host: &apos;DESKTOP-58RE0M7&apos;, ip: &apos;192.168.29.152&apos;, os.name: &apos;Windows 10&apos;, os.arch: &apos;amd64&apos;, os.version: &apos;10.0&apos;, java.version: &apos;18.0.1&apos;
Driver info: driver.version: ChromeDriver
remote stacktrace: Backtrace:
	Ordinal0 [0x00BC1ED3+2236115]
	Ordinal0 [0x00B592F1+1807089]
	Ordinal0 [0x00A666FD+812797]
	Ordinal0 [0x00A5A1B6+762294]
	Ordinal0 [0x00A59E33+761395]
	Ordinal0 [0x00A59350+758608]
	Ordinal0 [0x00A592C1+758465]
	Ordinal0 [0x00A58113+753939]
	Ordinal0 [0x00A5861D+755229]
	Ordinal0 [0x00A57D25+752933]
	Ordinal0 [0x00A62083+794755]
	Ordinal0 [0x00A57CD5+752853]
	Ordinal0 [0x00A58EE6+757478]
	Ordinal0 [0x00A58113+753939]
	Ordinal0 [0x00A5861D+755229]
	Ordinal0 [0x00A57D25+752933]
	Ordinal0 [0x00A5FBB8+785336]
	Ordinal0 [0x00A57CD5+752853]
	Ordinal0 [0x00A58EE6+757478]
	Ordinal0 [0x00A58113+753939]
	Ordinal0 [0x00A5861D+755229]
	Ordinal0 [0x00A57D25+752933]
	Ordinal0 [0x00A5D5C2+775618]
	Ordinal0 [0x00A57CD5+752853]
	Ordinal0 [0x00A58EE6+757478]
	Ordinal0 [0x00A58113+753939]
	Ordinal0 [0x00A5861D+755229]
	Ordinal0 [0x00A57D25+752933]
	Ordinal0 [0x00A52F2D+732973]
	Ordinal0 [0x00A57CD5+752853]
	Ordinal0 [0x00A574FD+750845]
	Ordinal0 [0x00A5720F+750095]
	Ordinal0 [0x00A67B93+818067]
	Ordinal0 [0x00A4D2E9+709353]
	Ordinal0 [0x00A4C4EB+705771]
	Ordinal0 [0x00AB8215+1147413]
	Ordinal0 [0x00AB7A6A+1145450]
	Ordinal0 [0x00AB18A6+1120422]
	Ordinal0 [0x00A8A73D+960317]
	Ordinal0 [0x00A8B71F+964383]
	GetHandleVerifier [0x00E6E7E2+2743074]
	GetHandleVerifier [0x00E608D4+2685972]
	GetHandleVerifier [0x00C52BAA+532202]
	GetHandleVerifier [0x00C51990+527568]
	Ordinal0 [0x00B6080C+1837068]
	Ordinal0 [0x00B64CD8+1854680]
	Ordinal0 [0x00B64DC5+1854917]
	Ordinal0 [0x00B6ED64+1895780]
	BaseThreadInitThunk [0x7681FEF9+25]
	RtlGetAppContainerNamedObjectPath [0x770A7BBE+286]
	RtlGetAppContainerNamedObjectPath [0x770A7B8E+238]

	at org.openqa.selenium.remote.W3CHandshakeResponse.lambda$errorHandler$0(W3CHandshakeResponse.java:62)
	at org.openqa.selenium.remote.HandshakeResponse.lambda$getResponseFunction$0(HandshakeResponse.java:30)
	at org.openqa.selenium.remote.ProtocolHandshake.lambda$createSession$0(ProtocolHandshake.java:126)
	at java.base/java.util.stream.ReferencePipeline$3$1.accept(ReferencePipeline.java:197)
	at java.base/java.util.Spliterators$ArraySpliterator.tryAdvance(Spliterators.java:1002)
	at java.base/java.util.stream.ReferencePipeline.forEachWithCancel(ReferencePipeline.java:129)
	at java.base/java.util.stream.AbstractPipeline.copyIntoWithCancel(AbstractPipeline.java:527)
	at java.base/java.util.stream.AbstractPipeline.copyInto(AbstractPipeline.java:513)
	at java.base/java.util.stream.AbstractPipeline.wrapAndCopyInto(AbstractPipeline.java:499)
	at java.base/java.util.stream.FindOps$FindOp.evaluateSequential(FindOps.java:150)
	at java.base/java.util.stream.AbstractPipeline.evaluate(AbstractPipeline.java:234)
	at java.base/java.util.stream.ReferencePipeline.findFirst(ReferencePipeline.java:647)
	at org.openqa.selenium.remote.ProtocolHandshake.createSession(ProtocolHandshake.java:128)
	at org.openqa.selenium.remote.ProtocolHandshake.createSession(ProtocolHandshake.java:74)
	at org.openqa.selenium.remote.HttpCommandExecutor.execute(HttpCommandExecutor.java:136)
	at org.openqa.selenium.remote.service.DriverCommandExecutor.execute(DriverCommandExecutor.java:83)
	at org.openqa.selenium.remote.RemoteWebDriver.execute(RemoteWebDriver.java:552)
	at org.openqa.selenium.remote.RemoteWebDriver.startSession(RemoteWebDriver.java:213)
	at org.openqa.selenium.remote.RemoteWebDriver.&lt;init&gt;(RemoteWebDriver.java:131)
	at org.openqa.selenium.chrome.ChromeDriver.&lt;init&gt;(ChromeDriver.java:181)
	at org.openqa.selenium.chrome.ChromeDriver.&lt;init&gt;(ChromeDriver.java:168)
	at org.openqa.selenium.chrome.ChromeDriver.&lt;init&gt;(ChromeDriver.java:123)
	at com.vyasasti.testng.basic.DataProviderExample.browserLaunch(DataProviderExample.java:23)
	at java.base/java.util.ArrayList.forEach(ArrayList.java:1511)
... Removed 30 stack frames</div></td></tr></table><p class="totop"><a href="#summary">back to summary</a></p>
<h3 id="m13">com.vyasasti.testng.basic.DataProviderExample#verifyUserLogon</h3><table class="result"><tr class="param"><th>Parameter #1</th><th>Parameter #2</th><th>Parameter #3</th></tr><tr class="param stripe"><td>blank</td><td></td><td></td></tr><tr><th colspan="3">Exception</th></tr><tr><td colspan="3"><div class="stacktrace">org.openqa.selenium.WebDriverException: disconnected: received Inspector.detached event
  (failed to check if window was closed: disconnected: unable to connect to renderer)
  (Session info: chrome=107.0.5304.107)
Build info: version: &apos;3.141.59&apos;, revision: &apos;e82be7d358&apos;, time: &apos;2018-11-14T08:17:03&apos;
System info: host: &apos;DESKTOP-58RE0M7&apos;, ip: &apos;192.168.29.152&apos;, os.name: &apos;Windows 10&apos;, os.arch: &apos;amd64&apos;, os.version: &apos;10.0&apos;, java.version: &apos;18.0.1&apos;
Driver info: driver.version: ChromeDriver
remote stacktrace: Backtrace:
	Ordinal0 [0x00BC1ED3+2236115]
	Ordinal0 [0x00B592F1+1807089]
	Ordinal0 [0x00A666FD+812797]
	Ordinal0 [0x00A5A1B6+762294]
	Ordinal0 [0x00A59E33+761395]
	Ordinal0 [0x00A59350+758608]
	Ordinal0 [0x00A592C1+758465]
	Ordinal0 [0x00A58113+753939]
	Ordinal0 [0x00A5861D+755229]
	Ordinal0 [0x00A57D25+752933]
	Ordinal0 [0x00A62083+794755]
	Ordinal0 [0x00A57CD5+752853]
	Ordinal0 [0x00A58EE6+757478]
	Ordinal0 [0x00A58113+753939]
	Ordinal0 [0x00A5861D+755229]
	Ordinal0 [0x00A57D25+752933]
	Ordinal0 [0x00A5FBB8+785336]
	Ordinal0 [0x00A57CD5+752853]
	Ordinal0 [0x00A58EE6+757478]
	Ordinal0 [0x00A58113+753939]
	Ordinal0 [0x00A5861D+755229]
	Ordinal0 [0x00A57D25+752933]
	Ordinal0 [0x00A5D5C2+775618]
	Ordinal0 [0x00A57CD5+752853]
	Ordinal0 [0x00A58EE6+757478]
	Ordinal0 [0x00A58113+753939]
	Ordinal0 [0x00A5861D+755229]
	Ordinal0 [0x00A57D25+752933]
	Ordinal0 [0x00A52F2D+732973]
	Ordinal0 [0x00A57CD5+752853]
	Ordinal0 [0x00A574FD+750845]
	Ordinal0 [0x00A5720F+750095]
	Ordinal0 [0x00A67B93+818067]
	Ordinal0 [0x00A4D2E9+709353]
	Ordinal0 [0x00A4C4EB+705771]
	Ordinal0 [0x00AB8215+1147413]
	Ordinal0 [0x00AB7A6A+1145450]
	Ordinal0 [0x00AB18A6+1120422]
	Ordinal0 [0x00A8A73D+960317]
	Ordinal0 [0x00A8B71F+964383]
	GetHandleVerifier [0x00E6E7E2+2743074]
	GetHandleVerifier [0x00E608D4+2685972]
	GetHandleVerifier [0x00C52BAA+532202]
	GetHandleVerifier [0x00C51990+527568]
	Ordinal0 [0x00B6080C+1837068]
	Ordinal0 [0x00B64CD8+1854680]
	Ordinal0 [0x00B64DC5+1854917]
	Ordinal0 [0x00B6ED64+1895780]
	BaseThreadInitThunk [0x7681FEF9+25]
	RtlGetAppContainerNamedObjectPath [0x770A7BBE+286]
	RtlGetAppContainerNamedObjectPath [0x770A7B8E+238]

	at org.openqa.selenium.remote.W3CHandshakeResponse.lambda$errorHandler$0(W3CHandshakeResponse.java:62)
	at org.openqa.selenium.remote.HandshakeResponse.lambda$getResponseFunction$0(HandshakeResponse.java:30)
	at org.openqa.selenium.remote.ProtocolHandshake.lambda$createSession$0(ProtocolHandshake.java:126)
	at java.base/java.util.stream.ReferencePipeline$3$1.accept(ReferencePipeline.java:197)
	at java.base/java.util.Spliterators$ArraySpliterator.tryAdvance(Spliterators.java:1002)
	at java.base/java.util.stream.ReferencePipeline.forEachWithCancel(ReferencePipeline.java:129)
	at java.base/java.util.stream.AbstractPipeline.copyIntoWithCancel(AbstractPipeline.java:527)
	at java.base/java.util.stream.AbstractPipeline.copyInto(AbstractPipeline.java:513)
	at java.base/java.util.stream.AbstractPipeline.wrapAndCopyInto(AbstractPipeline.java:499)
	at java.base/java.util.stream.FindOps$FindOp.evaluateSequential(FindOps.java:150)
	at java.base/java.util.stream.AbstractPipeline.evaluate(AbstractPipeline.java:234)
	at java.base/java.util.stream.ReferencePipeline.findFirst(ReferencePipeline.java:647)
	at org.openqa.selenium.remote.ProtocolHandshake.createSession(ProtocolHandshake.java:128)
	at org.openqa.selenium.remote.ProtocolHandshake.createSession(ProtocolHandshake.java:74)
	at org.openqa.selenium.remote.HttpCommandExecutor.execute(HttpCommandExecutor.java:136)
	at org.openqa.selenium.remote.service.DriverCommandExecutor.execute(DriverCommandExecutor.java:83)
	at org.openqa.selenium.remote.RemoteWebDriver.execute(RemoteWebDriver.java:552)
	at org.openqa.selenium.remote.RemoteWebDriver.startSession(RemoteWebDriver.java:213)
	at org.openqa.selenium.remote.RemoteWebDriver.&lt;init&gt;(RemoteWebDriver.java:131)
	at org.openqa.selenium.chrome.ChromeDriver.&lt;init&gt;(ChromeDriver.java:181)
	at org.openqa.selenium.chrome.ChromeDriver.&lt;init&gt;(ChromeDriver.java:168)
	at org.openqa.selenium.chrome.ChromeDriver.&lt;init&gt;(ChromeDriver.java:123)
	at com.vyasasti.testng.basic.DataProviderExample.browserLaunch(DataProviderExample.java:23)
	at java.base/java.util.ArrayList.forEach(ArrayList.java:1511)
... Removed 30 stack frames</div></td></tr></table><p class="totop"><a href="#summary">back to summary</a></p>
<h3 id="m14">com.vyasasti.testng.basic.PracticeAutomation#test2</h3><table class="result"><tr><th>Exception</th></tr><tr><td><div class="stacktrace">java.lang.Throwable: Method PracticeAutomation.test2()[pri:0, instance:com.vyasasti.testng.basic.PracticeAutomation@2b48a640] depends on not successfully finished methods in group &quot;Sanity&quot;
	at java.base/java.util.ArrayList.forEach(ArrayList.java:1511)
... Removed 22 stack frames</div></td></tr></table><p class="totop"><a href="#summary">back to summary</a></p>
<h3 id="m15">com.vyasasti.testng.basic.AssertTestNG#m1</h3><table class="result"><tr><th class="invisible"/></tr></table><p class="totop"><a href="#summary">back to summary</a></p>
<h3 id="m16">com.vyasasti.testng.basic.AssertTestNG#m2</h3><table class="result"><tr><th class="invisible"/></tr></table><p class="totop"><a href="#summary">back to summary</a></p>
<h3 id="m17">com.vyasasti.testng.basic.AssertTestNG#m3</h3><table class="result"><tr><th class="invisible"/></tr></table><p class="totop"><a href="#summary">back to summary</a></p>
<h3 id="m18">com.vyasasti.testng.basic.AssertTestNG#m4</h3><table class="result"><tr><th class="invisible"/></tr></table><p class="totop"><a href="#summary">back to summary</a></p>
<h3 id="m19">com.vyasasti.testng.basic.PracticeAutomation#test3</h3><table class="result"><tr><th class="invisible"/></tr></table><p class="totop"><a href="#summary">back to summary</a></p>
<h3 id="m20">com.vyasasti.testng.basic.PracticeAutomation#verifyBooksCountDisplayed</h3><table class="result"><tr><th class="invisible"/></tr></table><p class="totop"><a href="#summary">back to summary</a></p>
<h3 id="m21">com.vyasasti.testng.basic.PracticeAutomation#verifySliderDisplay</h3><table class="result"><tr><th class="invisible"/></tr></table><p class="totop"><a href="#summary">back to summary</a></p>
<h3 id="m22">com.vyasasti.testng.basic.TestNGAnnotations#TestMethod1</h3><table class="result"><tr><th class="invisible"/></tr></table><p class="totop"><a href="#summary">back to summary</a></p>
<h3 id="m23">com.vyasasti.testng.basic.TestNGAnnotations#TestMethod2</h3><table class="result"><tr><th class="invisible"/></tr></table><p class="totop"><a href="#summary">back to summary</a></p>
</body>
</html>
