<?xml version="1.0" encoding="UTF-8"?>
<testng-results ignored="0" total="19" passed="9" failed="5" skipped="5">
  <reporter-output>
  </reporter-output>
  <suite started-at="2022-11-25T08:18:59 IST" name="Suite" finished-at="2022-11-25T08:21:09 IST" duration-ms="130120">
    <groups>
      <group name="Sanity">
        <method signature="AssertTestNG.m1()[pri:0, instance:com.vyasasti.testng.basic.AssertTestNG@581ac8a8]" name="m1" class="com.vyasasti.testng.basic.AssertTestNG"/>
        <method signature="AssertTestNG.m2()[pri:0, instance:com.vyasasti.testng.basic.AssertTestNG@581ac8a8]" name="m2" class="com.vyasasti.testng.basic.AssertTestNG"/>
        <method signature="AssertTestNG.m3()[pri:0, instance:com.vyasasti.testng.basic.AssertTestNG@581ac8a8]" name="m3" class="com.vyasasti.testng.basic.AssertTestNG"/>
        <method signature="PracticeAutomation.verifyNewArrivalHeaderText()[pri:3, instance:com.vyasasti.testng.basic.PracticeAutomation@2b48a640]" name="verifyNewArrivalHeaderText" class="com.vyasasti.testng.basic.PracticeAutomation"/>
        <method signature="PracticeAutomation.verifySliderDisplay()[pri:-5, instance:com.vyasasti.testng.basic.PracticeAutomation@2b48a640]" name="verifySliderDisplay" class="com.vyasasti.testng.basic.PracticeAutomation"/>
        <method signature="PracticeAutomation.verifyTitleOfHomePage()[pri:1, instance:com.vyasasti.testng.basic.PracticeAutomation@2b48a640]" name="verifyTitleOfHomePage" class="com.vyasasti.testng.basic.PracticeAutomation"/>
      </group> <!-- Sanity -->
      <group name="EndToEnd">
        <method signature="PracticeAutomation.verifySliderCount()[pri:2, instance:com.vyasasti.testng.basic.PracticeAutomation@2b48a640]" name="verifySliderCount" class="com.vyasasti.testng.basic.PracticeAutomation"/>
      </group> <!-- EndToEnd -->
      <group name="Retest">
        <method signature="PracticeAutomation.verifySliderCount()[pri:2, instance:com.vyasasti.testng.basic.PracticeAutomation@2b48a640]" name="verifySliderCount" class="com.vyasasti.testng.basic.PracticeAutomation"/>
      </group> <!-- Retest -->
      <group name="Regression">
        <method signature="AssertTestNG.m4()[pri:0, instance:com.vyasasti.testng.basic.AssertTestNG@581ac8a8]" name="m4" class="com.vyasasti.testng.basic.AssertTestNG"/>
        <method signature="AssertTestNG.softAssertTest()[pri:0, instance:com.vyasasti.testng.basic.AssertTestNG@581ac8a8]" name="softAssertTest" class="com.vyasasti.testng.basic.AssertTestNG"/>
        <method signature="PracticeAutomation.test3()[pri:0, instance:com.vyasasti.testng.basic.PracticeAutomation@2b48a640]" name="test3" class="com.vyasasti.testng.basic.PracticeAutomation"/>
        <method signature="PracticeAutomation.verifyBooksCountDisplayed()[pri:0, instance:com.vyasasti.testng.basic.PracticeAutomation@2b48a640]" name="verifyBooksCountDisplayed" class="com.vyasasti.testng.basic.PracticeAutomation"/>
        <method signature="PracticeAutomation.verifySliderDisplay()[pri:-5, instance:com.vyasasti.testng.basic.PracticeAutomation@2b48a640]" name="verifySliderDisplay" class="com.vyasasti.testng.basic.PracticeAutomation"/>
        <method signature="PracticeAutomation.test2()[pri:0, instance:com.vyasasti.testng.basic.PracticeAutomation@2b48a640]" name="test2" class="com.vyasasti.testng.basic.PracticeAutomation"/>
      </group> <!-- Regression -->
    </groups>
    <test started-at="2022-11-25T08:18:59 IST" name="Test" finished-at="2022-11-25T08:21:09 IST" duration-ms="130120">
      <class name="com.vyasasti.testng.basic.DataProviderData">
        <test-method is-config="true" signature="openBrowser()[pri:0, instance:com.vyasasti.testng.basic.DataProviderData@6f46426d]" started-at="2022-11-25T08:19:16 IST" name="openBrowser" finished-at="2022-11-25T08:20:07 IST" duration-ms="51621" status="FAIL">
          <exception class="org.openqa.selenium.NoSuchElementException">
            <message>
              <![CDATA[no such element: Unable to locate element: {"method":"xpath","selector":"//button[text()='OK']"}
  (Session info: chrome=107.0.5304.107)
For documentation on this error, please visit: https://www.seleniumhq.org/exceptions/no_such_element.html
Build info: version: '3.141.59', revision: 'e82be7d358', time: '2018-11-14T08:17:03'
System info: host: 'DESKTOP-58RE0M7', ip: '192.168.29.152', os.name: 'Windows 10', os.arch: 'amd64', os.version: '10.0', java.version: '18.0.1'
Driver info: org.openqa.selenium.chrome.ChromeDriver
Capabilities {acceptInsecureCerts: false, browserName: chrome, browserVersion: 107.0.5304.107, chrome: {chromedriverVersion: 106.0.5249.61 (511755355844..., userDataDir: C:\Users\Mahadev\AppData\Lo...}, goog:chromeOptions: {debuggerAddress: localhost:50816}, javascriptEnabled: true, networkConnectionEnabled: false, pageLoadStrategy: normal, platform: WINDOWS, platformName: WINDOWS, proxy: Proxy(), setWindowRect: true, strictFileInteractability: false, timeouts: {implicit: 0, pageLoad: 300000, script: 30000}, unhandledPromptBehavior: dismiss and notify, webauthn:extension:credBlob: true, webauthn:extension:largeBlob: true, webauthn:virtualAuthenticators: true}
Session ID: 4cc1de91520705213a90c86fea41cb95
*** Element info: {Using=xpath, value=//button[text()='OK']}]]>
            </message>
            <full-stacktrace>
              <![CDATA[org.openqa.selenium.NoSuchElementException: no such element: Unable to locate element: {"method":"xpath","selector":"//button[text()='OK']"}
  (Session info: chrome=107.0.5304.107)
For documentation on this error, please visit: https://www.seleniumhq.org/exceptions/no_such_element.html
Build info: version: '3.141.59', revision: 'e82be7d358', time: '2018-11-14T08:17:03'
System info: host: 'DESKTOP-58RE0M7', ip: '192.168.29.152', os.name: 'Windows 10', os.arch: 'amd64', os.version: '10.0', java.version: '18.0.1'
Driver info: org.openqa.selenium.chrome.ChromeDriver
Capabilities {acceptInsecureCerts: false, browserName: chrome, browserVersion: 107.0.5304.107, chrome: {chromedriverVersion: 106.0.5249.61 (511755355844..., userDataDir: C:\Users\Mahadev\AppData\Lo...}, goog:chromeOptions: {debuggerAddress: localhost:50816}, javascriptEnabled: true, networkConnectionEnabled: false, pageLoadStrategy: normal, platform: WINDOWS, platformName: WINDOWS, proxy: Proxy(), setWindowRect: true, strictFileInteractability: false, timeouts: {implicit: 0, pageLoad: 300000, script: 30000}, unhandledPromptBehavior: dismiss and notify, webauthn:extension:credBlob: true, webauthn:extension:largeBlob: true, webauthn:virtualAuthenticators: true}
Session ID: 4cc1de91520705213a90c86fea41cb95
*** Element info: {Using=xpath, value=//button[text()='OK']}
at java.base/jdk.internal.reflect.DirectConstructorHandleAccessor.newInstance(DirectConstructorHandleAccessor.java:67)
at java.base/java.lang.reflect.Constructor.newInstanceWithCaller(Constructor.java:499)
at java.base/java.lang.reflect.Constructor.newInstance(Constructor.java:483)
at org.openqa.selenium.remote.http.W3CHttpResponseCodec.createException(W3CHttpResponseCodec.java:187)
at org.openqa.selenium.remote.http.W3CHttpResponseCodec.decode(W3CHttpResponseCodec.java:122)
at org.openqa.selenium.remote.http.W3CHttpResponseCodec.decode(W3CHttpResponseCodec.java:49)
at org.openqa.selenium.remote.HttpCommandExecutor.execute(HttpCommandExecutor.java:158)
at org.openqa.selenium.remote.service.DriverCommandExecutor.execute(DriverCommandExecutor.java:83)
at org.openqa.selenium.remote.RemoteWebDriver.execute(RemoteWebDriver.java:552)
at org.openqa.selenium.remote.RemoteWebDriver.findElement(RemoteWebDriver.java:323)
at org.openqa.selenium.remote.RemoteWebDriver.findElementByXPath(RemoteWebDriver.java:428)
at org.openqa.selenium.By$ByXPath.findElement(By.java:353)
at org.openqa.selenium.remote.RemoteWebDriver.findElement(RemoteWebDriver.java:315)
at com.vyasasti.testng.basic.DataProviderData.openBrowser(DataProviderData.java:28)
at java.base/jdk.internal.reflect.DirectMethodHandleAccessor.invoke(DirectMethodHandleAccessor.java:104)
at java.base/java.lang.reflect.Method.invoke(Method.java:577)
at org.testng.internal.MethodInvocationHelper.invokeMethod(MethodInvocationHelper.java:133)
at org.testng.internal.MethodInvocationHelper.invokeMethodConsideringTimeout(MethodInvocationHelper.java:62)
at org.testng.internal.ConfigInvoker.invokeConfigurationMethod(ConfigInvoker.java:385)
at org.testng.internal.ConfigInvoker.invokeConfigurations(ConfigInvoker.java:321)
at org.testng.internal.TestMethodWorker.invokeBeforeClassMethods(TestMethodWorker.java:176)
at org.testng.internal.TestMethodWorker.run(TestMethodWorker.java:122)
at java.base/java.util.ArrayList.forEach(ArrayList.java:1511)
at org.testng.TestRunner.privateRun(TestRunner.java:794)
at org.testng.TestRunner.run(TestRunner.java:596)
at org.testng.SuiteRunner.runTest(SuiteRunner.java:377)
at org.testng.SuiteRunner.runSequentially(SuiteRunner.java:371)
at org.testng.SuiteRunner.privateRun(SuiteRunner.java:332)
at org.testng.SuiteRunner.run(SuiteRunner.java:276)
at org.testng.SuiteRunnerWorker.runSuite(SuiteRunnerWorker.java:53)
at org.testng.SuiteRunnerWorker.run(SuiteRunnerWorker.java:96)
at org.testng.TestNG.runSuitesSequentially(TestNG.java:1212)
at org.testng.TestNG.runSuitesLocally(TestNG.java:1134)
at org.testng.TestNG.runSuites(TestNG.java:1063)
at org.testng.TestNG.run(TestNG.java:1031)
at org.apache.maven.surefire.testng.TestNGExecutor.run(TestNGExecutor.java:284)
at org.apache.maven.surefire.testng.TestNGXmlTestSuite.execute(TestNGXmlTestSuite.java:75)
at org.apache.maven.surefire.testng.TestNGProvider.invoke(TestNGProvider.java:119)
at org.apache.maven.surefire.booter.ForkedBooter.runSuitesInProcess(ForkedBooter.java:428)
at org.apache.maven.surefire.booter.ForkedBooter.execute(ForkedBooter.java:162)
at org.apache.maven.surefire.booter.ForkedBooter.run(ForkedBooter.java:562)
at org.apache.maven.surefire.booter.ForkedBooter.main(ForkedBooter.java:548)
]]>
            </full-stacktrace>
          </exception> <!-- org.openqa.selenium.NoSuchElementException -->
          <reporter-output>
          </reporter-output>
        </test-method> <!-- openBrowser -->
        <test-method signature="loginform(java.lang.String,java.lang.String,java.lang.String,java.lang.String,java.lang.String,java.lang.String)[pri:0, instance:com.vyasasti.testng.basic.DataProviderData@6f46426d]" started-at="2022-11-25T08:20:08 IST" name="loginform" data-provider="login-data" finished-at="2022-11-25T08:20:08 IST" duration-ms="155" status="FAIL">
          <exception class="org.testng.internal.reflect.MethodMatcherException">
            <message>
              <![CDATA[
[public void com.vyasasti.testng.basic.DataProviderData.loginform(java.lang.String,java.lang.String,java.lang.String,java.lang.String,java.lang.String,java.lang.String)] has no parameters defined but was found to be using a data provider (either explicitly specified or inherited from class level annotation).
Data provider mismatch
Method: loginform([Parameter{index=0, type=java.lang.String, declaredAnnotations=[]}, Parameter{index=1, type=java.lang.String, declaredAnnotations=[]}, Parameter{index=2, type=java.lang.String, declaredAnnotations=[]}, Parameter{index=3, type=java.lang.String, declaredAnnotations=[]}, Parameter{index=4, type=java.lang.String, declaredAnnotations=[]}, Parameter{index=5, type=java.lang.String, declaredAnnotations=[]}])
Arguments: []]]>
            </message>
            <full-stacktrace>
              <![CDATA[org.testng.internal.reflect.MethodMatcherException: 
[public void com.vyasasti.testng.basic.DataProviderData.loginform(java.lang.String,java.lang.String,java.lang.String,java.lang.String,java.lang.String,java.lang.String)] has no parameters defined but was found to be using a data provider (either explicitly specified or inherited from class level annotation).
Data provider mismatch
Method: loginform([Parameter{index=0, type=java.lang.String, declaredAnnotations=[]}, Parameter{index=1, type=java.lang.String, declaredAnnotations=[]}, Parameter{index=2, type=java.lang.String, declaredAnnotations=[]}, Parameter{index=3, type=java.lang.String, declaredAnnotations=[]}, Parameter{index=4, type=java.lang.String, declaredAnnotations=[]}, Parameter{index=5, type=java.lang.String, declaredAnnotations=[]}])
Arguments: []
at org.testng.internal.reflect.DataProviderMethodMatcher.getConformingArguments(DataProviderMethodMatcher.java:43)
at org.testng.internal.Parameters.injectParameters(Parameters.java:914)
at org.testng.internal.MethodRunner.runInSequence(MethodRunner.java:34)
at org.testng.internal.TestInvoker$MethodInvocationAgent.invoke(TestInvoker.java:824)
at org.testng.internal.TestInvoker.invokeTestMethods(TestInvoker.java:146)
at org.testng.internal.TestMethodWorker.invokeTestMethods(TestMethodWorker.java:146)
at org.testng.internal.TestMethodWorker.run(TestMethodWorker.java:128)
at java.base/java.util.ArrayList.forEach(ArrayList.java:1511)
at org.testng.TestRunner.privateRun(TestRunner.java:794)
at org.testng.TestRunner.run(TestRunner.java:596)
at org.testng.SuiteRunner.runTest(SuiteRunner.java:377)
at org.testng.SuiteRunner.runSequentially(SuiteRunner.java:371)
at org.testng.SuiteRunner.privateRun(SuiteRunner.java:332)
at org.testng.SuiteRunner.run(SuiteRunner.java:276)
at org.testng.SuiteRunnerWorker.runSuite(SuiteRunnerWorker.java:53)
at org.testng.SuiteRunnerWorker.run(SuiteRunnerWorker.java:96)
at org.testng.TestNG.runSuitesSequentially(TestNG.java:1212)
at org.testng.TestNG.runSuitesLocally(TestNG.java:1134)
at org.testng.TestNG.runSuites(TestNG.java:1063)
at org.testng.TestNG.run(TestNG.java:1031)
at org.apache.maven.surefire.testng.TestNGExecutor.run(TestNGExecutor.java:284)
at org.apache.maven.surefire.testng.TestNGXmlTestSuite.execute(TestNGXmlTestSuite.java:75)
at org.apache.maven.surefire.testng.TestNGProvider.invoke(TestNGProvider.java:119)
at org.apache.maven.surefire.booter.ForkedBooter.runSuitesInProcess(ForkedBooter.java:428)
at org.apache.maven.surefire.booter.ForkedBooter.execute(ForkedBooter.java:162)
at org.apache.maven.surefire.booter.ForkedBooter.run(ForkedBooter.java:562)
at org.apache.maven.surefire.booter.ForkedBooter.main(ForkedBooter.java:548)
]]>
            </full-stacktrace>
          </exception> <!-- org.testng.internal.reflect.MethodMatcherException -->
          <reporter-output>
          </reporter-output>
        </test-method> <!-- loginform -->
        <test-method is-config="true" signature="closeBrowser()[pri:0, instance:com.vyasasti.testng.basic.DataProviderData@6f46426d]" started-at="2022-11-25T08:20:08 IST" name="closeBrowser" finished-at="1970-01-01T05:30:00 IST" duration-ms="-1669344608363" status="SKIP">
          <reporter-output>
          </reporter-output>
        </test-method> <!-- closeBrowser -->
      </class> <!-- com.vyasasti.testng.basic.DataProviderData -->
      <class name="com.vyasasti.testng.basic.DataProviderExample">
        <test-method is-config="true" signature="browserLaunch()[pri:0, instance:com.vyasasti.testng.basic.DataProviderExample@6d4e5011]" started-at="2022-11-25T08:20:08 IST" name="browserLaunch" finished-at="2022-11-25T08:20:37 IST" duration-ms="28631" status="FAIL">
          <exception class="org.openqa.selenium.WebDriverException">
            <message>
              <![CDATA[disconnected: received Inspector.detached event
  (failed to check if window was closed: disconnected: unable to connect to renderer)
  (Session info: chrome=107.0.5304.107)
Build info: version: '3.141.59', revision: 'e82be7d358', time: '2018-11-14T08:17:03'
System info: host: 'DESKTOP-58RE0M7', ip: '192.168.29.152', os.name: 'Windows 10', os.arch: 'amd64', os.version: '10.0', java.version: '18.0.1'
Driver info: driver.version: ChromeDriver
remote stacktrace: Backtrace:
Ordinal0 [0x00BC1ED3+2236115]
Ordinal0 [0x00B592F1+1807089]
Ordinal0 [0x00A666FD+812797]
Ordinal0 [0x00A5A1B6+762294]
Ordinal0 [0x00A59E33+761395]
Ordinal0 [0x00A59350+758608]
Ordinal0 [0x00A592C1+758465]
Ordinal0 [0x00A58113+753939]
Ordinal0 [0x00A5861D+755229]
Ordinal0 [0x00A57D25+752933]
Ordinal0 [0x00A62083+794755]
Ordinal0 [0x00A57CD5+752853]
Ordinal0 [0x00A58EE6+757478]
Ordinal0 [0x00A58113+753939]
Ordinal0 [0x00A5861D+755229]
Ordinal0 [0x00A57D25+752933]
Ordinal0 [0x00A5FBB8+785336]
Ordinal0 [0x00A57CD5+752853]
Ordinal0 [0x00A58EE6+757478]
Ordinal0 [0x00A58113+753939]
Ordinal0 [0x00A5861D+755229]
Ordinal0 [0x00A57D25+752933]
Ordinal0 [0x00A5D5C2+775618]
Ordinal0 [0x00A57CD5+752853]
Ordinal0 [0x00A58EE6+757478]
Ordinal0 [0x00A58113+753939]
Ordinal0 [0x00A5861D+755229]
Ordinal0 [0x00A57D25+752933]
Ordinal0 [0x00A52F2D+732973]
Ordinal0 [0x00A57CD5+752853]
Ordinal0 [0x00A574FD+750845]
Ordinal0 [0x00A5720F+750095]
Ordinal0 [0x00A67B93+818067]
Ordinal0 [0x00A4D2E9+709353]
Ordinal0 [0x00A4C4EB+705771]
Ordinal0 [0x00AB8215+1147413]
Ordinal0 [0x00AB7A6A+1145450]
Ordinal0 [0x00AB18A6+1120422]
Ordinal0 [0x00A8A73D+960317]
Ordinal0 [0x00A8B71F+964383]
GetHandleVerifier [0x00E6E7E2+2743074]
GetHandleVerifier [0x00E608D4+2685972]
GetHandleVerifier [0x00C52BAA+532202]
GetHandleVerifier [0x00C51990+527568]
Ordinal0 [0x00B6080C+1837068]
Ordinal0 [0x00B64CD8+1854680]
Ordinal0 [0x00B64DC5+1854917]
Ordinal0 [0x00B6ED64+1895780]
BaseThreadInitThunk [0x7681FEF9+25]
RtlGetAppContainerNamedObjectPath [0x770A7BBE+286]
RtlGetAppContainerNamedObjectPath [0x770A7B8E+238]
]]>
            </message>
            <full-stacktrace>
              <![CDATA[org.openqa.selenium.WebDriverException: disconnected: received Inspector.detached event
  (failed to check if window was closed: disconnected: unable to connect to renderer)
  (Session info: chrome=107.0.5304.107)
Build info: version: '3.141.59', revision: 'e82be7d358', time: '2018-11-14T08:17:03'
System info: host: 'DESKTOP-58RE0M7', ip: '192.168.29.152', os.name: 'Windows 10', os.arch: 'amd64', os.version: '10.0', java.version: '18.0.1'
Driver info: driver.version: ChromeDriver
remote stacktrace: Backtrace:
Ordinal0 [0x00BC1ED3+2236115]
Ordinal0 [0x00B592F1+1807089]
Ordinal0 [0x00A666FD+812797]
Ordinal0 [0x00A5A1B6+762294]
Ordinal0 [0x00A59E33+761395]
Ordinal0 [0x00A59350+758608]
Ordinal0 [0x00A592C1+758465]
Ordinal0 [0x00A58113+753939]
Ordinal0 [0x00A5861D+755229]
Ordinal0 [0x00A57D25+752933]
Ordinal0 [0x00A62083+794755]
Ordinal0 [0x00A57CD5+752853]
Ordinal0 [0x00A58EE6+757478]
Ordinal0 [0x00A58113+753939]
Ordinal0 [0x00A5861D+755229]
Ordinal0 [0x00A57D25+752933]
Ordinal0 [0x00A5FBB8+785336]
Ordinal0 [0x00A57CD5+752853]
Ordinal0 [0x00A58EE6+757478]
Ordinal0 [0x00A58113+753939]
Ordinal0 [0x00A5861D+755229]
Ordinal0 [0x00A57D25+752933]
Ordinal0 [0x00A5D5C2+775618]
Ordinal0 [0x00A57CD5+752853]
Ordinal0 [0x00A58EE6+757478]
Ordinal0 [0x00A58113+753939]
Ordinal0 [0x00A5861D+755229]
Ordinal0 [0x00A57D25+752933]
Ordinal0 [0x00A52F2D+732973]
Ordinal0 [0x00A57CD5+752853]
Ordinal0 [0x00A574FD+750845]
Ordinal0 [0x00A5720F+750095]
Ordinal0 [0x00A67B93+818067]
Ordinal0 [0x00A4D2E9+709353]
Ordinal0 [0x00A4C4EB+705771]
Ordinal0 [0x00AB8215+1147413]
Ordinal0 [0x00AB7A6A+1145450]
Ordinal0 [0x00AB18A6+1120422]
Ordinal0 [0x00A8A73D+960317]
Ordinal0 [0x00A8B71F+964383]
GetHandleVerifier [0x00E6E7E2+2743074]
GetHandleVerifier [0x00E608D4+2685972]
GetHandleVerifier [0x00C52BAA+532202]
GetHandleVerifier [0x00C51990+527568]
Ordinal0 [0x00B6080C+1837068]
Ordinal0 [0x00B64CD8+1854680]
Ordinal0 [0x00B64DC5+1854917]
Ordinal0 [0x00B6ED64+1895780]
BaseThreadInitThunk [0x7681FEF9+25]
RtlGetAppContainerNamedObjectPath [0x770A7BBE+286]
RtlGetAppContainerNamedObjectPath [0x770A7B8E+238]

at java.base/jdk.internal.reflect.DirectConstructorHandleAccessor.newInstance(DirectConstructorHandleAccessor.java:67)
at java.base/java.lang.reflect.Constructor.newInstanceWithCaller(Constructor.java:499)
at java.base/java.lang.reflect.Constructor.newInstance(Constructor.java:483)
at org.openqa.selenium.remote.W3CHandshakeResponse.lambda$errorHandler$0(W3CHandshakeResponse.java:62)
at org.openqa.selenium.remote.HandshakeResponse.lambda$getResponseFunction$0(HandshakeResponse.java:30)
at org.openqa.selenium.remote.ProtocolHandshake.lambda$createSession$0(ProtocolHandshake.java:126)
at java.base/java.util.stream.ReferencePipeline$3$1.accept(ReferencePipeline.java:197)
at java.base/java.util.Spliterators$ArraySpliterator.tryAdvance(Spliterators.java:1002)
at java.base/java.util.stream.ReferencePipeline.forEachWithCancel(ReferencePipeline.java:129)
at java.base/java.util.stream.AbstractPipeline.copyIntoWithCancel(AbstractPipeline.java:527)
at java.base/java.util.stream.AbstractPipeline.copyInto(AbstractPipeline.java:513)
at java.base/java.util.stream.AbstractPipeline.wrapAndCopyInto(AbstractPipeline.java:499)
at java.base/java.util.stream.FindOps$FindOp.evaluateSequential(FindOps.java:150)
at java.base/java.util.stream.AbstractPipeline.evaluate(AbstractPipeline.java:234)
at java.base/java.util.stream.ReferencePipeline.findFirst(ReferencePipeline.java:647)
at org.openqa.selenium.remote.ProtocolHandshake.createSession(ProtocolHandshake.java:128)
at org.openqa.selenium.remote.ProtocolHandshake.createSession(ProtocolHandshake.java:74)
at org.openqa.selenium.remote.HttpCommandExecutor.execute(HttpCommandExecutor.java:136)
at org.openqa.selenium.remote.service.DriverCommandExecutor.execute(DriverCommandExecutor.java:83)
at org.openqa.selenium.remote.RemoteWebDriver.execute(RemoteWebDriver.java:552)
at org.openqa.selenium.remote.RemoteWebDriver.startSession(RemoteWebDriver.java:213)
at org.openqa.selenium.remote.RemoteWebDriver.<init>(RemoteWebDriver.java:131)
at org.openqa.selenium.chrome.ChromeDriver.<init>(ChromeDriver.java:181)
at org.openqa.selenium.chrome.ChromeDriver.<init>(ChromeDriver.java:168)
at org.openqa.selenium.chrome.ChromeDriver.<init>(ChromeDriver.java:123)
at com.vyasasti.testng.basic.DataProviderExample.browserLaunch(DataProviderExample.java:23)
at java.base/jdk.internal.reflect.DirectMethodHandleAccessor.invoke(DirectMethodHandleAccessor.java:104)
at java.base/java.lang.reflect.Method.invoke(Method.java:577)
at org.testng.internal.MethodInvocationHelper.invokeMethod(MethodInvocationHelper.java:133)
at org.testng.internal.MethodInvocationHelper.invokeMethodConsideringTimeout(MethodInvocationHelper.java:62)
at org.testng.internal.ConfigInvoker.invokeConfigurationMethod(ConfigInvoker.java:385)
at org.testng.internal.ConfigInvoker.invokeConfigurations(ConfigInvoker.java:321)
at org.testng.internal.TestMethodWorker.invokeBeforeClassMethods(TestMethodWorker.java:176)
at org.testng.internal.TestMethodWorker.run(TestMethodWorker.java:122)
at java.base/java.util.ArrayList.forEach(ArrayList.java:1511)
at org.testng.TestRunner.privateRun(TestRunner.java:794)
at org.testng.TestRunner.run(TestRunner.java:596)
at org.testng.SuiteRunner.runTest(SuiteRunner.java:377)
at org.testng.SuiteRunner.runSequentially(SuiteRunner.java:371)
at org.testng.SuiteRunner.privateRun(SuiteRunner.java:332)
at org.testng.SuiteRunner.run(SuiteRunner.java:276)
at org.testng.SuiteRunnerWorker.runSuite(SuiteRunnerWorker.java:53)
at org.testng.SuiteRunnerWorker.run(SuiteRunnerWorker.java:96)
at org.testng.TestNG.runSuitesSequentially(TestNG.java:1212)
at org.testng.TestNG.runSuitesLocally(TestNG.java:1134)
at org.testng.TestNG.runSuites(TestNG.java:1063)
at org.testng.TestNG.run(TestNG.java:1031)
at org.apache.maven.surefire.testng.TestNGExecutor.run(TestNGExecutor.java:284)
at org.apache.maven.surefire.testng.TestNGXmlTestSuite.execute(TestNGXmlTestSuite.java:75)
at org.apache.maven.surefire.testng.TestNGProvider.invoke(TestNGProvider.java:119)
at org.apache.maven.surefire.booter.ForkedBooter.runSuitesInProcess(ForkedBooter.java:428)
at org.apache.maven.surefire.booter.ForkedBooter.execute(ForkedBooter.java:162)
at org.apache.maven.surefire.booter.ForkedBooter.run(ForkedBooter.java:562)
at org.apache.maven.surefire.booter.ForkedBooter.main(ForkedBooter.java:548)
]]>
            </full-stacktrace>
          </exception> <!-- org.openqa.selenium.WebDriverException -->
          <reporter-output>
          </reporter-output>
        </test-method> <!-- browserLaunch -->
        <test-method signature="verifyUserLogon(java.lang.String,java.lang.String,java.lang.String)[pri:0, instance:com.vyasasti.testng.basic.DataProviderExample@6d4e5011]" started-at="2022-11-25T08:20:37 IST" name="verifyUserLogon" data-provider="LoginData" finished-at="2022-11-25T08:20:37 IST" duration-ms="0" status="SKIP">
          <params>
            <param index="0">
              <value>
                <![CDATA[blank]]>
              </value>
            </param>
            <param index="1">
              <value>
                <![CDATA[]]>
              </value>
            </param>
            <param index="2">
              <value>
                <![CDATA[]]>
              </value>
            </param>
          </params>
          <exception class="org.openqa.selenium.WebDriverException">
            <message>
              <![CDATA[disconnected: received Inspector.detached event
  (failed to check if window was closed: disconnected: unable to connect to renderer)
  (Session info: chrome=107.0.5304.107)
Build info: version: '3.141.59', revision: 'e82be7d358', time: '2018-11-14T08:17:03'
System info: host: 'DESKTOP-58RE0M7', ip: '192.168.29.152', os.name: 'Windows 10', os.arch: 'amd64', os.version: '10.0', java.version: '18.0.1'
Driver info: driver.version: ChromeDriver
remote stacktrace: Backtrace:
Ordinal0 [0x00BC1ED3+2236115]
Ordinal0 [0x00B592F1+1807089]
Ordinal0 [0x00A666FD+812797]
Ordinal0 [0x00A5A1B6+762294]
Ordinal0 [0x00A59E33+761395]
Ordinal0 [0x00A59350+758608]
Ordinal0 [0x00A592C1+758465]
Ordinal0 [0x00A58113+753939]
Ordinal0 [0x00A5861D+755229]
Ordinal0 [0x00A57D25+752933]
Ordinal0 [0x00A62083+794755]
Ordinal0 [0x00A57CD5+752853]
Ordinal0 [0x00A58EE6+757478]
Ordinal0 [0x00A58113+753939]
Ordinal0 [0x00A5861D+755229]
Ordinal0 [0x00A57D25+752933]
Ordinal0 [0x00A5FBB8+785336]
Ordinal0 [0x00A57CD5+752853]
Ordinal0 [0x00A58EE6+757478]
Ordinal0 [0x00A58113+753939]
Ordinal0 [0x00A5861D+755229]
Ordinal0 [0x00A57D25+752933]
Ordinal0 [0x00A5D5C2+775618]
Ordinal0 [0x00A57CD5+752853]
Ordinal0 [0x00A58EE6+757478]
Ordinal0 [0x00A58113+753939]
Ordinal0 [0x00A5861D+755229]
Ordinal0 [0x00A57D25+752933]
Ordinal0 [0x00A52F2D+732973]
Ordinal0 [0x00A57CD5+752853]
Ordinal0 [0x00A574FD+750845]
Ordinal0 [0x00A5720F+750095]
Ordinal0 [0x00A67B93+818067]
Ordinal0 [0x00A4D2E9+709353]
Ordinal0 [0x00A4C4EB+705771]
Ordinal0 [0x00AB8215+1147413]
Ordinal0 [0x00AB7A6A+1145450]
Ordinal0 [0x00AB18A6+1120422]
Ordinal0 [0x00A8A73D+960317]
Ordinal0 [0x00A8B71F+964383]
GetHandleVerifier [0x00E6E7E2+2743074]
GetHandleVerifier [0x00E608D4+2685972]
GetHandleVerifier [0x00C52BAA+532202]
GetHandleVerifier [0x00C51990+527568]
Ordinal0 [0x00B6080C+1837068]
Ordinal0 [0x00B64CD8+1854680]
Ordinal0 [0x00B64DC5+1854917]
Ordinal0 [0x00B6ED64+1895780]
BaseThreadInitThunk [0x7681FEF9+25]
RtlGetAppContainerNamedObjectPath [0x770A7BBE+286]
RtlGetAppContainerNamedObjectPath [0x770A7B8E+238]
]]>
            </message>
            <full-stacktrace>
              <![CDATA[org.openqa.selenium.WebDriverException: disconnected: received Inspector.detached event
  (failed to check if window was closed: disconnected: unable to connect to renderer)
  (Session info: chrome=107.0.5304.107)
Build info: version: '3.141.59', revision: 'e82be7d358', time: '2018-11-14T08:17:03'
System info: host: 'DESKTOP-58RE0M7', ip: '192.168.29.152', os.name: 'Windows 10', os.arch: 'amd64', os.version: '10.0', java.version: '18.0.1'
Driver info: driver.version: ChromeDriver
remote stacktrace: Backtrace:
Ordinal0 [0x00BC1ED3+2236115]
Ordinal0 [0x00B592F1+1807089]
Ordinal0 [0x00A666FD+812797]
Ordinal0 [0x00A5A1B6+762294]
Ordinal0 [0x00A59E33+761395]
Ordinal0 [0x00A59350+758608]
Ordinal0 [0x00A592C1+758465]
Ordinal0 [0x00A58113+753939]
Ordinal0 [0x00A5861D+755229]
Ordinal0 [0x00A57D25+752933]
Ordinal0 [0x00A62083+794755]
Ordinal0 [0x00A57CD5+752853]
Ordinal0 [0x00A58EE6+757478]
Ordinal0 [0x00A58113+753939]
Ordinal0 [0x00A5861D+755229]
Ordinal0 [0x00A57D25+752933]
Ordinal0 [0x00A5FBB8+785336]
Ordinal0 [0x00A57CD5+752853]
Ordinal0 [0x00A58EE6+757478]
Ordinal0 [0x00A58113+753939]
Ordinal0 [0x00A5861D+755229]
Ordinal0 [0x00A57D25+752933]
Ordinal0 [0x00A5D5C2+775618]
Ordinal0 [0x00A57CD5+752853]
Ordinal0 [0x00A58EE6+757478]
Ordinal0 [0x00A58113+753939]
Ordinal0 [0x00A5861D+755229]
Ordinal0 [0x00A57D25+752933]
Ordinal0 [0x00A52F2D+732973]
Ordinal0 [0x00A57CD5+752853]
Ordinal0 [0x00A574FD+750845]
Ordinal0 [0x00A5720F+750095]
Ordinal0 [0x00A67B93+818067]
Ordinal0 [0x00A4D2E9+709353]
Ordinal0 [0x00A4C4EB+705771]
Ordinal0 [0x00AB8215+1147413]
Ordinal0 [0x00AB7A6A+1145450]
Ordinal0 [0x00AB18A6+1120422]
Ordinal0 [0x00A8A73D+960317]
Ordinal0 [0x00A8B71F+964383]
GetHandleVerifier [0x00E6E7E2+2743074]
GetHandleVerifier [0x00E608D4+2685972]
GetHandleVerifier [0x00C52BAA+532202]
GetHandleVerifier [0x00C51990+527568]
Ordinal0 [0x00B6080C+1837068]
Ordinal0 [0x00B64CD8+1854680]
Ordinal0 [0x00B64DC5+1854917]
Ordinal0 [0x00B6ED64+1895780]
BaseThreadInitThunk [0x7681FEF9+25]
RtlGetAppContainerNamedObjectPath [0x770A7BBE+286]
RtlGetAppContainerNamedObjectPath [0x770A7B8E+238]

at java.base/jdk.internal.reflect.DirectConstructorHandleAccessor.newInstance(DirectConstructorHandleAccessor.java:67)
at java.base/java.lang.reflect.Constructor.newInstanceWithCaller(Constructor.java:499)
at java.base/java.lang.reflect.Constructor.newInstance(Constructor.java:483)
at org.openqa.selenium.remote.W3CHandshakeResponse.lambda$errorHandler$0(W3CHandshakeResponse.java:62)
at org.openqa.selenium.remote.HandshakeResponse.lambda$getResponseFunction$0(HandshakeResponse.java:30)
at org.openqa.selenium.remote.ProtocolHandshake.lambda$createSession$0(ProtocolHandshake.java:126)
at java.base/java.util.stream.ReferencePipeline$3$1.accept(ReferencePipeline.java:197)
at java.base/java.util.Spliterators$ArraySpliterator.tryAdvance(Spliterators.java:1002)
at java.base/java.util.stream.ReferencePipeline.forEachWithCancel(ReferencePipeline.java:129)
at java.base/java.util.stream.AbstractPipeline.copyIntoWithCancel(AbstractPipeline.java:527)
at java.base/java.util.stream.AbstractPipeline.copyInto(AbstractPipeline.java:513)
at java.base/java.util.stream.AbstractPipeline.wrapAndCopyInto(AbstractPipeline.java:499)
at java.base/java.util.stream.FindOps$FindOp.evaluateSequential(FindOps.java:150)
at java.base/java.util.stream.AbstractPipeline.evaluate(AbstractPipeline.java:234)
at java.base/java.util.stream.ReferencePipeline.findFirst(ReferencePipeline.java:647)
at org.openqa.selenium.remote.ProtocolHandshake.createSession(ProtocolHandshake.java:128)
at org.openqa.selenium.remote.ProtocolHandshake.createSession(ProtocolHandshake.java:74)
at org.openqa.selenium.remote.HttpCommandExecutor.execute(HttpCommandExecutor.java:136)
at org.openqa.selenium.remote.service.DriverCommandExecutor.execute(DriverCommandExecutor.java:83)
at org.openqa.selenium.remote.RemoteWebDriver.execute(RemoteWebDriver.java:552)
at org.openqa.selenium.remote.RemoteWebDriver.startSession(RemoteWebDriver.java:213)
at org.openqa.selenium.remote.RemoteWebDriver.<init>(RemoteWebDriver.java:131)
at org.openqa.selenium.chrome.ChromeDriver.<init>(ChromeDriver.java:181)
at org.openqa.selenium.chrome.ChromeDriver.<init>(ChromeDriver.java:168)
at org.openqa.selenium.chrome.ChromeDriver.<init>(ChromeDriver.java:123)
at com.vyasasti.testng.basic.DataProviderExample.browserLaunch(DataProviderExample.java:23)
at java.base/jdk.internal.reflect.DirectMethodHandleAccessor.invoke(DirectMethodHandleAccessor.java:104)
at java.base/java.lang.reflect.Method.invoke(Method.java:577)
at org.testng.internal.MethodInvocationHelper.invokeMethod(MethodInvocationHelper.java:133)
at org.testng.internal.MethodInvocationHelper.invokeMethodConsideringTimeout(MethodInvocationHelper.java:62)
at org.testng.internal.ConfigInvoker.invokeConfigurationMethod(ConfigInvoker.java:385)
at org.testng.internal.ConfigInvoker.invokeConfigurations(ConfigInvoker.java:321)
at org.testng.internal.TestMethodWorker.invokeBeforeClassMethods(TestMethodWorker.java:176)
at org.testng.internal.TestMethodWorker.run(TestMethodWorker.java:122)
at java.base/java.util.ArrayList.forEach(ArrayList.java:1511)
at org.testng.TestRunner.privateRun(TestRunner.java:794)
at org.testng.TestRunner.run(TestRunner.java:596)
at org.testng.SuiteRunner.runTest(SuiteRunner.java:377)
at org.testng.SuiteRunner.runSequentially(SuiteRunner.java:371)
at org.testng.SuiteRunner.privateRun(SuiteRunner.java:332)
at org.testng.SuiteRunner.run(SuiteRunner.java:276)
at org.testng.SuiteRunnerWorker.runSuite(SuiteRunnerWorker.java:53)
at org.testng.SuiteRunnerWorker.run(SuiteRunnerWorker.java:96)
at org.testng.TestNG.runSuitesSequentially(TestNG.java:1212)
at org.testng.TestNG.runSuitesLocally(TestNG.java:1134)
at org.testng.TestNG.runSuites(TestNG.java:1063)
at org.testng.TestNG.run(TestNG.java:1031)
at org.apache.maven.surefire.testng.TestNGExecutor.run(TestNGExecutor.java:284)
at org.apache.maven.surefire.testng.TestNGXmlTestSuite.execute(TestNGXmlTestSuite.java:75)
at org.apache.maven.surefire.testng.TestNGProvider.invoke(TestNGProvider.java:119)
at org.apache.maven.surefire.booter.ForkedBooter.runSuitesInProcess(ForkedBooter.java:428)
at org.apache.maven.surefire.booter.ForkedBooter.execute(ForkedBooter.java:162)
at org.apache.maven.surefire.booter.ForkedBooter.run(ForkedBooter.java:562)
at org.apache.maven.surefire.booter.ForkedBooter.main(ForkedBooter.java:548)
]]>
            </full-stacktrace>
          </exception> <!-- org.openqa.selenium.WebDriverException -->
          <reporter-output>
          </reporter-output>
        </test-method> <!-- verifyUserLogon -->
        <test-method signature="verifyUserLogon(java.lang.String,java.lang.String,java.lang.String)[pri:0, instance:com.vyasasti.testng.basic.DataProviderExample@6d4e5011]" started-at="2022-11-25T08:20:37 IST" name="verifyUserLogon" data-provider="LoginData" finished-at="2022-11-25T08:20:37 IST" duration-ms="0" status="SKIP">
          <params>
            <param index="0">
              <value>
                <![CDATA[blankpass]]>
              </value>
            </param>
            <param index="1">
              <value>
                <![CDATA[vyasainstitute2022@gmail.com]]>
              </value>
            </param>
            <param index="2">
              <value>
                <![CDATA[]]>
              </value>
            </param>
          </params>
          <exception class="org.openqa.selenium.WebDriverException">
            <message>
              <![CDATA[disconnected: received Inspector.detached event
  (failed to check if window was closed: disconnected: unable to connect to renderer)
  (Session info: chrome=107.0.5304.107)
Build info: version: '3.141.59', revision: 'e82be7d358', time: '2018-11-14T08:17:03'
System info: host: 'DESKTOP-58RE0M7', ip: '192.168.29.152', os.name: 'Windows 10', os.arch: 'amd64', os.version: '10.0', java.version: '18.0.1'
Driver info: driver.version: ChromeDriver
remote stacktrace: Backtrace:
Ordinal0 [0x00BC1ED3+2236115]
Ordinal0 [0x00B592F1+1807089]
Ordinal0 [0x00A666FD+812797]
Ordinal0 [0x00A5A1B6+762294]
Ordinal0 [0x00A59E33+761395]
Ordinal0 [0x00A59350+758608]
Ordinal0 [0x00A592C1+758465]
Ordinal0 [0x00A58113+753939]
Ordinal0 [0x00A5861D+755229]
Ordinal0 [0x00A57D25+752933]
Ordinal0 [0x00A62083+794755]
Ordinal0 [0x00A57CD5+752853]
Ordinal0 [0x00A58EE6+757478]
Ordinal0 [0x00A58113+753939]
Ordinal0 [0x00A5861D+755229]
Ordinal0 [0x00A57D25+752933]
Ordinal0 [0x00A5FBB8+785336]
Ordinal0 [0x00A57CD5+752853]
Ordinal0 [0x00A58EE6+757478]
Ordinal0 [0x00A58113+753939]
Ordinal0 [0x00A5861D+755229]
Ordinal0 [0x00A57D25+752933]
Ordinal0 [0x00A5D5C2+775618]
Ordinal0 [0x00A57CD5+752853]
Ordinal0 [0x00A58EE6+757478]
Ordinal0 [0x00A58113+753939]
Ordinal0 [0x00A5861D+755229]
Ordinal0 [0x00A57D25+752933]
Ordinal0 [0x00A52F2D+732973]
Ordinal0 [0x00A57CD5+752853]
Ordinal0 [0x00A574FD+750845]
Ordinal0 [0x00A5720F+750095]
Ordinal0 [0x00A67B93+818067]
Ordinal0 [0x00A4D2E9+709353]
Ordinal0 [0x00A4C4EB+705771]
Ordinal0 [0x00AB8215+1147413]
Ordinal0 [0x00AB7A6A+1145450]
Ordinal0 [0x00AB18A6+1120422]
Ordinal0 [0x00A8A73D+960317]
Ordinal0 [0x00A8B71F+964383]
GetHandleVerifier [0x00E6E7E2+2743074]
GetHandleVerifier [0x00E608D4+2685972]
GetHandleVerifier [0x00C52BAA+532202]
GetHandleVerifier [0x00C51990+527568]
Ordinal0 [0x00B6080C+1837068]
Ordinal0 [0x00B64CD8+1854680]
Ordinal0 [0x00B64DC5+1854917]
Ordinal0 [0x00B6ED64+1895780]
BaseThreadInitThunk [0x7681FEF9+25]
RtlGetAppContainerNamedObjectPath [0x770A7BBE+286]
RtlGetAppContainerNamedObjectPath [0x770A7B8E+238]
]]>
            </message>
            <full-stacktrace>
              <![CDATA[org.openqa.selenium.WebDriverException: disconnected: received Inspector.detached event
  (failed to check if window was closed: disconnected: unable to connect to renderer)
  (Session info: chrome=107.0.5304.107)
Build info: version: '3.141.59', revision: 'e82be7d358', time: '2018-11-14T08:17:03'
System info: host: 'DESKTOP-58RE0M7', ip: '192.168.29.152', os.name: 'Windows 10', os.arch: 'amd64', os.version: '10.0', java.version: '18.0.1'
Driver info: driver.version: ChromeDriver
remote stacktrace: Backtrace:
Ordinal0 [0x00BC1ED3+2236115]
Ordinal0 [0x00B592F1+1807089]
Ordinal0 [0x00A666FD+812797]
Ordinal0 [0x00A5A1B6+762294]
Ordinal0 [0x00A59E33+761395]
Ordinal0 [0x00A59350+758608]
Ordinal0 [0x00A592C1+758465]
Ordinal0 [0x00A58113+753939]
Ordinal0 [0x00A5861D+755229]
Ordinal0 [0x00A57D25+752933]
Ordinal0 [0x00A62083+794755]
Ordinal0 [0x00A57CD5+752853]
Ordinal0 [0x00A58EE6+757478]
Ordinal0 [0x00A58113+753939]
Ordinal0 [0x00A5861D+755229]
Ordinal0 [0x00A57D25+752933]
Ordinal0 [0x00A5FBB8+785336]
Ordinal0 [0x00A57CD5+752853]
Ordinal0 [0x00A58EE6+757478]
Ordinal0 [0x00A58113+753939]
Ordinal0 [0x00A5861D+755229]
Ordinal0 [0x00A57D25+752933]
Ordinal0 [0x00A5D5C2+775618]
Ordinal0 [0x00A57CD5+752853]
Ordinal0 [0x00A58EE6+757478]
Ordinal0 [0x00A58113+753939]
Ordinal0 [0x00A5861D+755229]
Ordinal0 [0x00A57D25+752933]
Ordinal0 [0x00A52F2D+732973]
Ordinal0 [0x00A57CD5+752853]
Ordinal0 [0x00A574FD+750845]
Ordinal0 [0x00A5720F+750095]
Ordinal0 [0x00A67B93+818067]
Ordinal0 [0x00A4D2E9+709353]
Ordinal0 [0x00A4C4EB+705771]
Ordinal0 [0x00AB8215+1147413]
Ordinal0 [0x00AB7A6A+1145450]
Ordinal0 [0x00AB18A6+1120422]
Ordinal0 [0x00A8A73D+960317]
Ordinal0 [0x00A8B71F+964383]
GetHandleVerifier [0x00E6E7E2+2743074]
GetHandleVerifier [0x00E608D4+2685972]
GetHandleVerifier [0x00C52BAA+532202]
GetHandleVerifier [0x00C51990+527568]
Ordinal0 [0x00B6080C+1837068]
Ordinal0 [0x00B64CD8+1854680]
Ordinal0 [0x00B64DC5+1854917]
Ordinal0 [0x00B6ED64+1895780]
BaseThreadInitThunk [0x7681FEF9+25]
RtlGetAppContainerNamedObjectPath [0x770A7BBE+286]
RtlGetAppContainerNamedObjectPath [0x770A7B8E+238]

at java.base/jdk.internal.reflect.DirectConstructorHandleAccessor.newInstance(DirectConstructorHandleAccessor.java:67)
at java.base/java.lang.reflect.Constructor.newInstanceWithCaller(Constructor.java:499)
at java.base/java.lang.reflect.Constructor.newInstance(Constructor.java:483)
at org.openqa.selenium.remote.W3CHandshakeResponse.lambda$errorHandler$0(W3CHandshakeResponse.java:62)
at org.openqa.selenium.remote.HandshakeResponse.lambda$getResponseFunction$0(HandshakeResponse.java:30)
at org.openqa.selenium.remote.ProtocolHandshake.lambda$createSession$0(ProtocolHandshake.java:126)
at java.base/java.util.stream.ReferencePipeline$3$1.accept(ReferencePipeline.java:197)
at java.base/java.util.Spliterators$ArraySpliterator.tryAdvance(Spliterators.java:1002)
at java.base/java.util.stream.ReferencePipeline.forEachWithCancel(ReferencePipeline.java:129)
at java.base/java.util.stream.AbstractPipeline.copyIntoWithCancel(AbstractPipeline.java:527)
at java.base/java.util.stream.AbstractPipeline.copyInto(AbstractPipeline.java:513)
at java.base/java.util.stream.AbstractPipeline.wrapAndCopyInto(AbstractPipeline.java:499)
at java.base/java.util.stream.FindOps$FindOp.evaluateSequential(FindOps.java:150)
at java.base/java.util.stream.AbstractPipeline.evaluate(AbstractPipeline.java:234)
at java.base/java.util.stream.ReferencePipeline.findFirst(ReferencePipeline.java:647)
at org.openqa.selenium.remote.ProtocolHandshake.createSession(ProtocolHandshake.java:128)
at org.openqa.selenium.remote.ProtocolHandshake.createSession(ProtocolHandshake.java:74)
at org.openqa.selenium.remote.HttpCommandExecutor.execute(HttpCommandExecutor.java:136)
at org.openqa.selenium.remote.service.DriverCommandExecutor.execute(DriverCommandExecutor.java:83)
at org.openqa.selenium.remote.RemoteWebDriver.execute(RemoteWebDriver.java:552)
at org.openqa.selenium.remote.RemoteWebDriver.startSession(RemoteWebDriver.java:213)
at org.openqa.selenium.remote.RemoteWebDriver.<init>(RemoteWebDriver.java:131)
at org.openqa.selenium.chrome.ChromeDriver.<init>(ChromeDriver.java:181)
at org.openqa.selenium.chrome.ChromeDriver.<init>(ChromeDriver.java:168)
at org.openqa.selenium.chrome.ChromeDriver.<init>(ChromeDriver.java:123)
at com.vyasasti.testng.basic.DataProviderExample.browserLaunch(DataProviderExample.java:23)
at java.base/jdk.internal.reflect.DirectMethodHandleAccessor.invoke(DirectMethodHandleAccessor.java:104)
at java.base/java.lang.reflect.Method.invoke(Method.java:577)
at org.testng.internal.MethodInvocationHelper.invokeMethod(MethodInvocationHelper.java:133)
at org.testng.internal.MethodInvocationHelper.invokeMethodConsideringTimeout(MethodInvocationHelper.java:62)
at org.testng.internal.ConfigInvoker.invokeConfigurationMethod(ConfigInvoker.java:385)
at org.testng.internal.ConfigInvoker.invokeConfigurations(ConfigInvoker.java:321)
at org.testng.internal.TestMethodWorker.invokeBeforeClassMethods(TestMethodWorker.java:176)
at org.testng.internal.TestMethodWorker.run(TestMethodWorker.java:122)
at java.base/java.util.ArrayList.forEach(ArrayList.java:1511)
at org.testng.TestRunner.privateRun(TestRunner.java:794)
at org.testng.TestRunner.run(TestRunner.java:596)
at org.testng.SuiteRunner.runTest(SuiteRunner.java:377)
at org.testng.SuiteRunner.runSequentially(SuiteRunner.java:371)
at org.testng.SuiteRunner.privateRun(SuiteRunner.java:332)
at org.testng.SuiteRunner.run(SuiteRunner.java:276)
at org.testng.SuiteRunnerWorker.runSuite(SuiteRunnerWorker.java:53)
at org.testng.SuiteRunnerWorker.run(SuiteRunnerWorker.java:96)
at org.testng.TestNG.runSuitesSequentially(TestNG.java:1212)
at org.testng.TestNG.runSuitesLocally(TestNG.java:1134)
at org.testng.TestNG.runSuites(TestNG.java:1063)
at org.testng.TestNG.run(TestNG.java:1031)
at org.apache.maven.surefire.testng.TestNGExecutor.run(TestNGExecutor.java:284)
at org.apache.maven.surefire.testng.TestNGXmlTestSuite.execute(TestNGXmlTestSuite.java:75)
at org.apache.maven.surefire.testng.TestNGProvider.invoke(TestNGProvider.java:119)
at org.apache.maven.surefire.booter.ForkedBooter.runSuitesInProcess(ForkedBooter.java:428)
at org.apache.maven.surefire.booter.ForkedBooter.execute(ForkedBooter.java:162)
at org.apache.maven.surefire.booter.ForkedBooter.run(ForkedBooter.java:562)
at org.apache.maven.surefire.booter.ForkedBooter.main(ForkedBooter.java:548)
]]>
            </full-stacktrace>
          </exception> <!-- org.openqa.selenium.WebDriverException -->
          <reporter-output>
          </reporter-output>
        </test-method> <!-- verifyUserLogon -->
        <test-method signature="verifyUserLogon(java.lang.String,java.lang.String,java.lang.String)[pri:0, instance:com.vyasasti.testng.basic.DataProviderExample@6d4e5011]" started-at="2022-11-25T08:20:37 IST" name="verifyUserLogon" data-provider="LoginData" finished-at="2022-11-25T08:20:37 IST" duration-ms="0" status="SKIP">
          <params>
            <param index="0">
              <value>
                <![CDATA[invalidlogin]]>
              </value>
            </param>
            <param index="1">
              <value>
                <![CDATA[vyasainstitute@gmail.com]]>
              </value>
            </param>
            <param index="2">
              <value>
                <![CDATA[Vyasa@12345]]>
              </value>
            </param>
          </params>
          <exception class="org.openqa.selenium.WebDriverException">
            <message>
              <![CDATA[disconnected: received Inspector.detached event
  (failed to check if window was closed: disconnected: unable to connect to renderer)
  (Session info: chrome=107.0.5304.107)
Build info: version: '3.141.59', revision: 'e82be7d358', time: '2018-11-14T08:17:03'
System info: host: 'DESKTOP-58RE0M7', ip: '192.168.29.152', os.name: 'Windows 10', os.arch: 'amd64', os.version: '10.0', java.version: '18.0.1'
Driver info: driver.version: ChromeDriver
remote stacktrace: Backtrace:
Ordinal0 [0x00BC1ED3+2236115]
Ordinal0 [0x00B592F1+1807089]
Ordinal0 [0x00A666FD+812797]
Ordinal0 [0x00A5A1B6+762294]
Ordinal0 [0x00A59E33+761395]
Ordinal0 [0x00A59350+758608]
Ordinal0 [0x00A592C1+758465]
Ordinal0 [0x00A58113+753939]
Ordinal0 [0x00A5861D+755229]
Ordinal0 [0x00A57D25+752933]
Ordinal0 [0x00A62083+794755]
Ordinal0 [0x00A57CD5+752853]
Ordinal0 [0x00A58EE6+757478]
Ordinal0 [0x00A58113+753939]
Ordinal0 [0x00A5861D+755229]
Ordinal0 [0x00A57D25+752933]
Ordinal0 [0x00A5FBB8+785336]
Ordinal0 [0x00A57CD5+752853]
Ordinal0 [0x00A58EE6+757478]
Ordinal0 [0x00A58113+753939]
Ordinal0 [0x00A5861D+755229]
Ordinal0 [0x00A57D25+752933]
Ordinal0 [0x00A5D5C2+775618]
Ordinal0 [0x00A57CD5+752853]
Ordinal0 [0x00A58EE6+757478]
Ordinal0 [0x00A58113+753939]
Ordinal0 [0x00A5861D+755229]
Ordinal0 [0x00A57D25+752933]
Ordinal0 [0x00A52F2D+732973]
Ordinal0 [0x00A57CD5+752853]
Ordinal0 [0x00A574FD+750845]
Ordinal0 [0x00A5720F+750095]
Ordinal0 [0x00A67B93+818067]
Ordinal0 [0x00A4D2E9+709353]
Ordinal0 [0x00A4C4EB+705771]
Ordinal0 [0x00AB8215+1147413]
Ordinal0 [0x00AB7A6A+1145450]
Ordinal0 [0x00AB18A6+1120422]
Ordinal0 [0x00A8A73D+960317]
Ordinal0 [0x00A8B71F+964383]
GetHandleVerifier [0x00E6E7E2+2743074]
GetHandleVerifier [0x00E608D4+2685972]
GetHandleVerifier [0x00C52BAA+532202]
GetHandleVerifier [0x00C51990+527568]
Ordinal0 [0x00B6080C+1837068]
Ordinal0 [0x00B64CD8+1854680]
Ordinal0 [0x00B64DC5+1854917]
Ordinal0 [0x00B6ED64+1895780]
BaseThreadInitThunk [0x7681FEF9+25]
RtlGetAppContainerNamedObjectPath [0x770A7BBE+286]
RtlGetAppContainerNamedObjectPath [0x770A7B8E+238]
]]>
            </message>
            <full-stacktrace>
              <![CDATA[org.openqa.selenium.WebDriverException: disconnected: received Inspector.detached event
  (failed to check if window was closed: disconnected: unable to connect to renderer)
  (Session info: chrome=107.0.5304.107)
Build info: version: '3.141.59', revision: 'e82be7d358', time: '2018-11-14T08:17:03'
System info: host: 'DESKTOP-58RE0M7', ip: '192.168.29.152', os.name: 'Windows 10', os.arch: 'amd64', os.version: '10.0', java.version: '18.0.1'
Driver info: driver.version: ChromeDriver
remote stacktrace: Backtrace:
Ordinal0 [0x00BC1ED3+2236115]
Ordinal0 [0x00B592F1+1807089]
Ordinal0 [0x00A666FD+812797]
Ordinal0 [0x00A5A1B6+762294]
Ordinal0 [0x00A59E33+761395]
Ordinal0 [0x00A59350+758608]
Ordinal0 [0x00A592C1+758465]
Ordinal0 [0x00A58113+753939]
Ordinal0 [0x00A5861D+755229]
Ordinal0 [0x00A57D25+752933]
Ordinal0 [0x00A62083+794755]
Ordinal0 [0x00A57CD5+752853]
Ordinal0 [0x00A58EE6+757478]
Ordinal0 [0x00A58113+753939]
Ordinal0 [0x00A5861D+755229]
Ordinal0 [0x00A57D25+752933]
Ordinal0 [0x00A5FBB8+785336]
Ordinal0 [0x00A57CD5+752853]
Ordinal0 [0x00A58EE6+757478]
Ordinal0 [0x00A58113+753939]
Ordinal0 [0x00A5861D+755229]
Ordinal0 [0x00A57D25+752933]
Ordinal0 [0x00A5D5C2+775618]
Ordinal0 [0x00A57CD5+752853]
Ordinal0 [0x00A58EE6+757478]
Ordinal0 [0x00A58113+753939]
Ordinal0 [0x00A5861D+755229]
Ordinal0 [0x00A57D25+752933]
Ordinal0 [0x00A52F2D+732973]
Ordinal0 [0x00A57CD5+752853]
Ordinal0 [0x00A574FD+750845]
Ordinal0 [0x00A5720F+750095]
Ordinal0 [0x00A67B93+818067]
Ordinal0 [0x00A4D2E9+709353]
Ordinal0 [0x00A4C4EB+705771]
Ordinal0 [0x00AB8215+1147413]
Ordinal0 [0x00AB7A6A+1145450]
Ordinal0 [0x00AB18A6+1120422]
Ordinal0 [0x00A8A73D+960317]
Ordinal0 [0x00A8B71F+964383]
GetHandleVerifier [0x00E6E7E2+2743074]
GetHandleVerifier [0x00E608D4+2685972]
GetHandleVerifier [0x00C52BAA+532202]
GetHandleVerifier [0x00C51990+527568]
Ordinal0 [0x00B6080C+1837068]
Ordinal0 [0x00B64CD8+1854680]
Ordinal0 [0x00B64DC5+1854917]
Ordinal0 [0x00B6ED64+1895780]
BaseThreadInitThunk [0x7681FEF9+25]
RtlGetAppContainerNamedObjectPath [0x770A7BBE+286]
RtlGetAppContainerNamedObjectPath [0x770A7B8E+238]

at java.base/jdk.internal.reflect.DirectConstructorHandleAccessor.newInstance(DirectConstructorHandleAccessor.java:67)
at java.base/java.lang.reflect.Constructor.newInstanceWithCaller(Constructor.java:499)
at java.base/java.lang.reflect.Constructor.newInstance(Constructor.java:483)
at org.openqa.selenium.remote.W3CHandshakeResponse.lambda$errorHandler$0(W3CHandshakeResponse.java:62)
at org.openqa.selenium.remote.HandshakeResponse.lambda$getResponseFunction$0(HandshakeResponse.java:30)
at org.openqa.selenium.remote.ProtocolHandshake.lambda$createSession$0(ProtocolHandshake.java:126)
at java.base/java.util.stream.ReferencePipeline$3$1.accept(ReferencePipeline.java:197)
at java.base/java.util.Spliterators$ArraySpliterator.tryAdvance(Spliterators.java:1002)
at java.base/java.util.stream.ReferencePipeline.forEachWithCancel(ReferencePipeline.java:129)
at java.base/java.util.stream.AbstractPipeline.copyIntoWithCancel(AbstractPipeline.java:527)
at java.base/java.util.stream.AbstractPipeline.copyInto(AbstractPipeline.java:513)
at java.base/java.util.stream.AbstractPipeline.wrapAndCopyInto(AbstractPipeline.java:499)
at java.base/java.util.stream.FindOps$FindOp.evaluateSequential(FindOps.java:150)
at java.base/java.util.stream.AbstractPipeline.evaluate(AbstractPipeline.java:234)
at java.base/java.util.stream.ReferencePipeline.findFirst(ReferencePipeline.java:647)
at org.openqa.selenium.remote.ProtocolHandshake.createSession(ProtocolHandshake.java:128)
at org.openqa.selenium.remote.ProtocolHandshake.createSession(ProtocolHandshake.java:74)
at org.openqa.selenium.remote.HttpCommandExecutor.execute(HttpCommandExecutor.java:136)
at org.openqa.selenium.remote.service.DriverCommandExecutor.execute(DriverCommandExecutor.java:83)
at org.openqa.selenium.remote.RemoteWebDriver.execute(RemoteWebDriver.java:552)
at org.openqa.selenium.remote.RemoteWebDriver.startSession(RemoteWebDriver.java:213)
at org.openqa.selenium.remote.RemoteWebDriver.<init>(RemoteWebDriver.java:131)
at org.openqa.selenium.chrome.ChromeDriver.<init>(ChromeDriver.java:181)
at org.openqa.selenium.chrome.ChromeDriver.<init>(ChromeDriver.java:168)
at org.openqa.selenium.chrome.ChromeDriver.<init>(ChromeDriver.java:123)
at com.vyasasti.testng.basic.DataProviderExample.browserLaunch(DataProviderExample.java:23)
at java.base/jdk.internal.reflect.DirectMethodHandleAccessor.invoke(DirectMethodHandleAccessor.java:104)
at java.base/java.lang.reflect.Method.invoke(Method.java:577)
at org.testng.internal.MethodInvocationHelper.invokeMethod(MethodInvocationHelper.java:133)
at org.testng.internal.MethodInvocationHelper.invokeMethodConsideringTimeout(MethodInvocationHelper.java:62)
at org.testng.internal.ConfigInvoker.invokeConfigurationMethod(ConfigInvoker.java:385)
at org.testng.internal.ConfigInvoker.invokeConfigurations(ConfigInvoker.java:321)
at org.testng.internal.TestMethodWorker.invokeBeforeClassMethods(TestMethodWorker.java:176)
at org.testng.internal.TestMethodWorker.run(TestMethodWorker.java:122)
at java.base/java.util.ArrayList.forEach(ArrayList.java:1511)
at org.testng.TestRunner.privateRun(TestRunner.java:794)
at org.testng.TestRunner.run(TestRunner.java:596)
at org.testng.SuiteRunner.runTest(SuiteRunner.java:377)
at org.testng.SuiteRunner.runSequentially(SuiteRunner.java:371)
at org.testng.SuiteRunner.privateRun(SuiteRunner.java:332)
at org.testng.SuiteRunner.run(SuiteRunner.java:276)
at org.testng.SuiteRunnerWorker.runSuite(SuiteRunnerWorker.java:53)
at org.testng.SuiteRunnerWorker.run(SuiteRunnerWorker.java:96)
at org.testng.TestNG.runSuitesSequentially(TestNG.java:1212)
at org.testng.TestNG.runSuitesLocally(TestNG.java:1134)
at org.testng.TestNG.runSuites(TestNG.java:1063)
at org.testng.TestNG.run(TestNG.java:1031)
at org.apache.maven.surefire.testng.TestNGExecutor.run(TestNGExecutor.java:284)
at org.apache.maven.surefire.testng.TestNGXmlTestSuite.execute(TestNGXmlTestSuite.java:75)
at org.apache.maven.surefire.testng.TestNGProvider.invoke(TestNGProvider.java:119)
at org.apache.maven.surefire.booter.ForkedBooter.runSuitesInProcess(ForkedBooter.java:428)
at org.apache.maven.surefire.booter.ForkedBooter.execute(ForkedBooter.java:162)
at org.apache.maven.surefire.booter.ForkedBooter.run(ForkedBooter.java:562)
at org.apache.maven.surefire.booter.ForkedBooter.main(ForkedBooter.java:548)
]]>
            </full-stacktrace>
          </exception> <!-- org.openqa.selenium.WebDriverException -->
          <reporter-output>
          </reporter-output>
        </test-method> <!-- verifyUserLogon -->
        <test-method signature="verifyUserLogon(java.lang.String,java.lang.String,java.lang.String)[pri:0, instance:com.vyasasti.testng.basic.DataProviderExample@6d4e5011]" started-at="2022-11-25T08:20:37 IST" name="verifyUserLogon" data-provider="LoginData" finished-at="2022-11-25T08:20:37 IST" duration-ms="0" status="SKIP">
          <params>
            <param index="0">
              <value>
                <![CDATA[validLogin]]>
              </value>
            </param>
            <param index="1">
              <value>
                <![CDATA[vyasainstitute2022@gmail.com]]>
              </value>
            </param>
            <param index="2">
              <value>
                <![CDATA[Vyasa@12345]]>
              </value>
            </param>
          </params>
          <exception class="org.openqa.selenium.WebDriverException">
            <message>
              <![CDATA[disconnected: received Inspector.detached event
  (failed to check if window was closed: disconnected: unable to connect to renderer)
  (Session info: chrome=107.0.5304.107)
Build info: version: '3.141.59', revision: 'e82be7d358', time: '2018-11-14T08:17:03'
System info: host: 'DESKTOP-58RE0M7', ip: '192.168.29.152', os.name: 'Windows 10', os.arch: 'amd64', os.version: '10.0', java.version: '18.0.1'
Driver info: driver.version: ChromeDriver
remote stacktrace: Backtrace:
Ordinal0 [0x00BC1ED3+2236115]
Ordinal0 [0x00B592F1+1807089]
Ordinal0 [0x00A666FD+812797]
Ordinal0 [0x00A5A1B6+762294]
Ordinal0 [0x00A59E33+761395]
Ordinal0 [0x00A59350+758608]
Ordinal0 [0x00A592C1+758465]
Ordinal0 [0x00A58113+753939]
Ordinal0 [0x00A5861D+755229]
Ordinal0 [0x00A57D25+752933]
Ordinal0 [0x00A62083+794755]
Ordinal0 [0x00A57CD5+752853]
Ordinal0 [0x00A58EE6+757478]
Ordinal0 [0x00A58113+753939]
Ordinal0 [0x00A5861D+755229]
Ordinal0 [0x00A57D25+752933]
Ordinal0 [0x00A5FBB8+785336]
Ordinal0 [0x00A57CD5+752853]
Ordinal0 [0x00A58EE6+757478]
Ordinal0 [0x00A58113+753939]
Ordinal0 [0x00A5861D+755229]
Ordinal0 [0x00A57D25+752933]
Ordinal0 [0x00A5D5C2+775618]
Ordinal0 [0x00A57CD5+752853]
Ordinal0 [0x00A58EE6+757478]
Ordinal0 [0x00A58113+753939]
Ordinal0 [0x00A5861D+755229]
Ordinal0 [0x00A57D25+752933]
Ordinal0 [0x00A52F2D+732973]
Ordinal0 [0x00A57CD5+752853]
Ordinal0 [0x00A574FD+750845]
Ordinal0 [0x00A5720F+750095]
Ordinal0 [0x00A67B93+818067]
Ordinal0 [0x00A4D2E9+709353]
Ordinal0 [0x00A4C4EB+705771]
Ordinal0 [0x00AB8215+1147413]
Ordinal0 [0x00AB7A6A+1145450]
Ordinal0 [0x00AB18A6+1120422]
Ordinal0 [0x00A8A73D+960317]
Ordinal0 [0x00A8B71F+964383]
GetHandleVerifier [0x00E6E7E2+2743074]
GetHandleVerifier [0x00E608D4+2685972]
GetHandleVerifier [0x00C52BAA+532202]
GetHandleVerifier [0x00C51990+527568]
Ordinal0 [0x00B6080C+1837068]
Ordinal0 [0x00B64CD8+1854680]
Ordinal0 [0x00B64DC5+1854917]
Ordinal0 [0x00B6ED64+1895780]
BaseThreadInitThunk [0x7681FEF9+25]
RtlGetAppContainerNamedObjectPath [0x770A7BBE+286]
RtlGetAppContainerNamedObjectPath [0x770A7B8E+238]
]]>
            </message>
            <full-stacktrace>
              <![CDATA[org.openqa.selenium.WebDriverException: disconnected: received Inspector.detached event
  (failed to check if window was closed: disconnected: unable to connect to renderer)
  (Session info: chrome=107.0.5304.107)
Build info: version: '3.141.59', revision: 'e82be7d358', time: '2018-11-14T08:17:03'
System info: host: 'DESKTOP-58RE0M7', ip: '192.168.29.152', os.name: 'Windows 10', os.arch: 'amd64', os.version: '10.0', java.version: '18.0.1'
Driver info: driver.version: ChromeDriver
remote stacktrace: Backtrace:
Ordinal0 [0x00BC1ED3+2236115]
Ordinal0 [0x00B592F1+1807089]
Ordinal0 [0x00A666FD+812797]
Ordinal0 [0x00A5A1B6+762294]
Ordinal0 [0x00A59E33+761395]
Ordinal0 [0x00A59350+758608]
Ordinal0 [0x00A592C1+758465]
Ordinal0 [0x00A58113+753939]
Ordinal0 [0x00A5861D+755229]
Ordinal0 [0x00A57D25+752933]
Ordinal0 [0x00A62083+794755]
Ordinal0 [0x00A57CD5+752853]
Ordinal0 [0x00A58EE6+757478]
Ordinal0 [0x00A58113+753939]
Ordinal0 [0x00A5861D+755229]
Ordinal0 [0x00A57D25+752933]
Ordinal0 [0x00A5FBB8+785336]
Ordinal0 [0x00A57CD5+752853]
Ordinal0 [0x00A58EE6+757478]
Ordinal0 [0x00A58113+753939]
Ordinal0 [0x00A5861D+755229]
Ordinal0 [0x00A57D25+752933]
Ordinal0 [0x00A5D5C2+775618]
Ordinal0 [0x00A57CD5+752853]
Ordinal0 [0x00A58EE6+757478]
Ordinal0 [0x00A58113+753939]
Ordinal0 [0x00A5861D+755229]
Ordinal0 [0x00A57D25+752933]
Ordinal0 [0x00A52F2D+732973]
Ordinal0 [0x00A57CD5+752853]
Ordinal0 [0x00A574FD+750845]
Ordinal0 [0x00A5720F+750095]
Ordinal0 [0x00A67B93+818067]
Ordinal0 [0x00A4D2E9+709353]
Ordinal0 [0x00A4C4EB+705771]
Ordinal0 [0x00AB8215+1147413]
Ordinal0 [0x00AB7A6A+1145450]
Ordinal0 [0x00AB18A6+1120422]
Ordinal0 [0x00A8A73D+960317]
Ordinal0 [0x00A8B71F+964383]
GetHandleVerifier [0x00E6E7E2+2743074]
GetHandleVerifier [0x00E608D4+2685972]
GetHandleVerifier [0x00C52BAA+532202]
GetHandleVerifier [0x00C51990+527568]
Ordinal0 [0x00B6080C+1837068]
Ordinal0 [0x00B64CD8+1854680]
Ordinal0 [0x00B64DC5+1854917]
Ordinal0 [0x00B6ED64+1895780]
BaseThreadInitThunk [0x7681FEF9+25]
RtlGetAppContainerNamedObjectPath [0x770A7BBE+286]
RtlGetAppContainerNamedObjectPath [0x770A7B8E+238]

at java.base/jdk.internal.reflect.DirectConstructorHandleAccessor.newInstance(DirectConstructorHandleAccessor.java:67)
at java.base/java.lang.reflect.Constructor.newInstanceWithCaller(Constructor.java:499)
at java.base/java.lang.reflect.Constructor.newInstance(Constructor.java:483)
at org.openqa.selenium.remote.W3CHandshakeResponse.lambda$errorHandler$0(W3CHandshakeResponse.java:62)
at org.openqa.selenium.remote.HandshakeResponse.lambda$getResponseFunction$0(HandshakeResponse.java:30)
at org.openqa.selenium.remote.ProtocolHandshake.lambda$createSession$0(ProtocolHandshake.java:126)
at java.base/java.util.stream.ReferencePipeline$3$1.accept(ReferencePipeline.java:197)
at java.base/java.util.Spliterators$ArraySpliterator.tryAdvance(Spliterators.java:1002)
at java.base/java.util.stream.ReferencePipeline.forEachWithCancel(ReferencePipeline.java:129)
at java.base/java.util.stream.AbstractPipeline.copyIntoWithCancel(AbstractPipeline.java:527)
at java.base/java.util.stream.AbstractPipeline.copyInto(AbstractPipeline.java:513)
at java.base/java.util.stream.AbstractPipeline.wrapAndCopyInto(AbstractPipeline.java:499)
at java.base/java.util.stream.FindOps$FindOp.evaluateSequential(FindOps.java:150)
at java.base/java.util.stream.AbstractPipeline.evaluate(AbstractPipeline.java:234)
at java.base/java.util.stream.ReferencePipeline.findFirst(ReferencePipeline.java:647)
at org.openqa.selenium.remote.ProtocolHandshake.createSession(ProtocolHandshake.java:128)
at org.openqa.selenium.remote.ProtocolHandshake.createSession(ProtocolHandshake.java:74)
at org.openqa.selenium.remote.HttpCommandExecutor.execute(HttpCommandExecutor.java:136)
at org.openqa.selenium.remote.service.DriverCommandExecutor.execute(DriverCommandExecutor.java:83)
at org.openqa.selenium.remote.RemoteWebDriver.execute(RemoteWebDriver.java:552)
at org.openqa.selenium.remote.RemoteWebDriver.startSession(RemoteWebDriver.java:213)
at org.openqa.selenium.remote.RemoteWebDriver.<init>(RemoteWebDriver.java:131)
at org.openqa.selenium.chrome.ChromeDriver.<init>(ChromeDriver.java:181)
at org.openqa.selenium.chrome.ChromeDriver.<init>(ChromeDriver.java:168)
at org.openqa.selenium.chrome.ChromeDriver.<init>(ChromeDriver.java:123)
at com.vyasasti.testng.basic.DataProviderExample.browserLaunch(DataProviderExample.java:23)
at java.base/jdk.internal.reflect.DirectMethodHandleAccessor.invoke(DirectMethodHandleAccessor.java:104)
at java.base/java.lang.reflect.Method.invoke(Method.java:577)
at org.testng.internal.MethodInvocationHelper.invokeMethod(MethodInvocationHelper.java:133)
at org.testng.internal.MethodInvocationHelper.invokeMethodConsideringTimeout(MethodInvocationHelper.java:62)
at org.testng.internal.ConfigInvoker.invokeConfigurationMethod(ConfigInvoker.java:385)
at org.testng.internal.ConfigInvoker.invokeConfigurations(ConfigInvoker.java:321)
at org.testng.internal.TestMethodWorker.invokeBeforeClassMethods(TestMethodWorker.java:176)
at org.testng.internal.TestMethodWorker.run(TestMethodWorker.java:122)
at java.base/java.util.ArrayList.forEach(ArrayList.java:1511)
at org.testng.TestRunner.privateRun(TestRunner.java:794)
at org.testng.TestRunner.run(TestRunner.java:596)
at org.testng.SuiteRunner.runTest(SuiteRunner.java:377)
at org.testng.SuiteRunner.runSequentially(SuiteRunner.java:371)
at org.testng.SuiteRunner.privateRun(SuiteRunner.java:332)
at org.testng.SuiteRunner.run(SuiteRunner.java:276)
at org.testng.SuiteRunnerWorker.runSuite(SuiteRunnerWorker.java:53)
at org.testng.SuiteRunnerWorker.run(SuiteRunnerWorker.java:96)
at org.testng.TestNG.runSuitesSequentially(TestNG.java:1212)
at org.testng.TestNG.runSuitesLocally(TestNG.java:1134)
at org.testng.TestNG.runSuites(TestNG.java:1063)
at org.testng.TestNG.run(TestNG.java:1031)
at org.apache.maven.surefire.testng.TestNGExecutor.run(TestNGExecutor.java:284)
at org.apache.maven.surefire.testng.TestNGXmlTestSuite.execute(TestNGXmlTestSuite.java:75)
at org.apache.maven.surefire.testng.TestNGProvider.invoke(TestNGProvider.java:119)
at org.apache.maven.surefire.booter.ForkedBooter.runSuitesInProcess(ForkedBooter.java:428)
at org.apache.maven.surefire.booter.ForkedBooter.execute(ForkedBooter.java:162)
at org.apache.maven.surefire.booter.ForkedBooter.run(ForkedBooter.java:562)
at org.apache.maven.surefire.booter.ForkedBooter.main(ForkedBooter.java:548)
]]>
            </full-stacktrace>
          </exception> <!-- org.openqa.selenium.WebDriverException -->
          <reporter-output>
          </reporter-output>
        </test-method> <!-- verifyUserLogon -->
        <test-method is-config="true" signature="closeBrowser()[pri:0, instance:com.vyasasti.testng.basic.DataProviderExample@6d4e5011]" started-at="2022-11-25T08:20:37 IST" name="closeBrowser" finished-at="1970-01-01T05:30:00 IST" duration-ms="-1669344637368" status="SKIP">
          <reporter-output>
          </reporter-output>
        </test-method> <!-- closeBrowser -->
      </class> <!-- com.vyasasti.testng.basic.DataProviderExample -->
      <class name="com.vyasasti.testng.basic.AssertTestNG">
        <test-method signature="m1()[pri:0, instance:com.vyasasti.testng.basic.AssertTestNG@581ac8a8]" started-at="2022-11-25T08:20:08 IST" name="m1" finished-at="2022-11-25T08:20:08 IST" duration-ms="1" status="PASS">
          <reporter-output>
          </reporter-output>
        </test-method> <!-- m1 -->
        <test-method signature="m2()[pri:0, instance:com.vyasasti.testng.basic.AssertTestNG@581ac8a8]" started-at="2022-11-25T08:20:08 IST" name="m2" finished-at="2022-11-25T08:20:08 IST" duration-ms="1" status="PASS">
          <reporter-output>
          </reporter-output>
        </test-method> <!-- m2 -->
        <test-method signature="m3()[pri:0, instance:com.vyasasti.testng.basic.AssertTestNG@581ac8a8]" started-at="2022-11-25T08:20:08 IST" name="m3" finished-at="2022-11-25T08:20:08 IST" duration-ms="2" status="PASS">
          <reporter-output>
          </reporter-output>
        </test-method> <!-- m3 -->
        <test-method signature="m4()[pri:0, instance:com.vyasasti.testng.basic.AssertTestNG@581ac8a8]" started-at="2022-11-25T08:20:08 IST" name="m4" finished-at="2022-11-25T08:20:08 IST" duration-ms="1" status="PASS">
          <reporter-output>
          </reporter-output>
        </test-method> <!-- m4 -->
        <test-method signature="softAssertTest()[pri:0, instance:com.vyasasti.testng.basic.AssertTestNG@581ac8a8]" started-at="2022-11-25T08:20:08 IST" name="softAssertTest" finished-at="2022-11-25T08:20:08 IST" duration-ms="45" status="FAIL">
          <exception class="java.lang.AssertionError">
            <message>
              <![CDATA[The following asserts failed:
expected [A] but found [B],
expected [false] but found [true]]]>
            </message>
            <full-stacktrace>
              <![CDATA[java.lang.AssertionError: The following asserts failed:
expected [A] but found [B],
expected [false] but found [true]
at org.testng.asserts.SoftAssert.assertAll(SoftAssert.java:47)
at org.testng.asserts.SoftAssert.assertAll(SoftAssert.java:31)
at com.vyasasti.testng.basic.AssertTestNG.softAssertTest(AssertTestNG.java:55)
at java.base/jdk.internal.reflect.DirectMethodHandleAccessor.invoke(DirectMethodHandleAccessor.java:104)
at java.base/java.lang.reflect.Method.invoke(Method.java:577)
at org.testng.internal.MethodInvocationHelper.invokeMethod(MethodInvocationHelper.java:133)
at org.testng.internal.TestInvoker.invokeMethod(TestInvoker.java:598)
at org.testng.internal.TestInvoker.invokeTestMethod(TestInvoker.java:173)
at org.testng.internal.MethodRunner.runInSequence(MethodRunner.java:46)
at org.testng.internal.TestInvoker$MethodInvocationAgent.invoke(TestInvoker.java:824)
at org.testng.internal.TestInvoker.invokeTestMethods(TestInvoker.java:146)
at org.testng.internal.TestMethodWorker.invokeTestMethods(TestMethodWorker.java:146)
at org.testng.internal.TestMethodWorker.run(TestMethodWorker.java:128)
at java.base/java.util.ArrayList.forEach(ArrayList.java:1511)
at org.testng.TestRunner.privateRun(TestRunner.java:794)
at org.testng.TestRunner.run(TestRunner.java:596)
at org.testng.SuiteRunner.runTest(SuiteRunner.java:377)
at org.testng.SuiteRunner.runSequentially(SuiteRunner.java:371)
at org.testng.SuiteRunner.privateRun(SuiteRunner.java:332)
at org.testng.SuiteRunner.run(SuiteRunner.java:276)
at org.testng.SuiteRunnerWorker.runSuite(SuiteRunnerWorker.java:53)
at org.testng.SuiteRunnerWorker.run(SuiteRunnerWorker.java:96)
at org.testng.TestNG.runSuitesSequentially(TestNG.java:1212)
at org.testng.TestNG.runSuitesLocally(TestNG.java:1134)
at org.testng.TestNG.runSuites(TestNG.java:1063)
at org.testng.TestNG.run(TestNG.java:1031)
at org.apache.maven.surefire.testng.TestNGExecutor.run(TestNGExecutor.java:284)
at org.apache.maven.surefire.testng.TestNGXmlTestSuite.execute(TestNGXmlTestSuite.java:75)
at org.apache.maven.surefire.testng.TestNGProvider.invoke(TestNGProvider.java:119)
at org.apache.maven.surefire.booter.ForkedBooter.runSuitesInProcess(ForkedBooter.java:428)
at org.apache.maven.surefire.booter.ForkedBooter.execute(ForkedBooter.java:162)
at org.apache.maven.surefire.booter.ForkedBooter.run(ForkedBooter.java:562)
at org.apache.maven.surefire.booter.ForkedBooter.main(ForkedBooter.java:548)
]]>
            </full-stacktrace>
          </exception> <!-- java.lang.AssertionError -->
          <reporter-output>
          </reporter-output>
        </test-method> <!-- softAssertTest -->
      </class> <!-- com.vyasasti.testng.basic.AssertTestNG -->
      <class name="com.vyasasti.testng.basic.TestNGAnnotations">
        <test-method is-config="true" signature="BeforeSuiteMethod()[pri:0, instance:com.vyasasti.testng.basic.TestNGAnnotations@32b260fa]" started-at="2022-11-25T08:18:59 IST" name="BeforeSuiteMethod" finished-at="2022-11-25T08:18:59 IST" duration-ms="18" status="PASS">
          <reporter-output>
          </reporter-output>
        </test-method> <!-- BeforeSuiteMethod -->
        <test-method is-config="true" signature="BeforeTestMethod()[pri:0, instance:com.vyasasti.testng.basic.TestNGAnnotations@32b260fa]" started-at="2022-11-25T08:18:59 IST" name="BeforeTestMethod" finished-at="2022-11-25T08:18:59 IST" duration-ms="1" status="PASS">
          <reporter-output>
          </reporter-output>
        </test-method> <!-- BeforeTestMethod -->
        <test-method is-config="true" signature="BeforeClassMethod()[pri:0, instance:com.vyasasti.testng.basic.TestNGAnnotations@32b260fa]" started-at="2022-11-25T08:19:16 IST" name="BeforeClassMethod" finished-at="2022-11-25T08:19:16 IST" duration-ms="1" status="PASS">
          <reporter-output>
          </reporter-output>
        </test-method> <!-- BeforeClassMethod -->
        <test-method is-config="true" signature="MethodBefore()[pri:0, instance:com.vyasasti.testng.basic.TestNGAnnotations@32b260fa]" started-at="2022-11-25T08:19:16 IST" name="MethodBefore" finished-at="2022-11-25T08:19:16 IST" duration-ms="1" status="PASS">
          <reporter-output>
          </reporter-output>
        </test-method> <!-- MethodBefore -->
        <test-method signature="TestMethod1()[pri:0, instance:com.vyasasti.testng.basic.TestNGAnnotations@32b260fa]" started-at="2022-11-25T08:19:16 IST" name="TestMethod1" finished-at="2022-11-25T08:19:16 IST" duration-ms="1" status="PASS">
          <reporter-output>
          </reporter-output>
        </test-method> <!-- TestMethod1 -->
        <test-method is-config="true" signature="MethodAfter()[pri:0, instance:com.vyasasti.testng.basic.TestNGAnnotations@32b260fa]" started-at="2022-11-25T08:19:16 IST" name="MethodAfter" finished-at="2022-11-25T08:19:16 IST" duration-ms="1" status="PASS">
          <reporter-output>
          </reporter-output>
        </test-method> <!-- MethodAfter -->
        <test-method signature="TestMethod2()[pri:0, instance:com.vyasasti.testng.basic.TestNGAnnotations@32b260fa]" started-at="2022-11-25T08:19:16 IST" name="TestMethod2" finished-at="2022-11-25T08:19:16 IST" duration-ms="1" status="PASS">
          <reporter-output>
          </reporter-output>
        </test-method> <!-- TestMethod2 -->
        <test-method is-config="true" signature="MethodBefore()[pri:0, instance:com.vyasasti.testng.basic.TestNGAnnotations@32b260fa]" started-at="2022-11-25T08:19:16 IST" name="MethodBefore" finished-at="2022-11-25T08:19:16 IST" duration-ms="0" status="PASS">
          <reporter-output>
          </reporter-output>
        </test-method> <!-- MethodBefore -->
        <test-method is-config="true" signature="MethodAfter()[pri:0, instance:com.vyasasti.testng.basic.TestNGAnnotations@32b260fa]" started-at="2022-11-25T08:19:16 IST" name="MethodAfter" finished-at="2022-11-25T08:19:16 IST" duration-ms="0" status="PASS">
          <reporter-output>
          </reporter-output>
        </test-method> <!-- MethodAfter -->
        <test-method is-config="true" signature="AfterClassMethod()[pri:0, instance:com.vyasasti.testng.basic.TestNGAnnotations@32b260fa]" started-at="2022-11-25T08:19:16 IST" name="AfterClassMethod" finished-at="2022-11-25T08:19:16 IST" duration-ms="0" status="PASS">
          <reporter-output>
          </reporter-output>
        </test-method> <!-- AfterClassMethod -->
        <test-method is-config="true" signature="AfterTestMethod()[pri:0, instance:com.vyasasti.testng.basic.TestNGAnnotations@32b260fa]" started-at="2022-11-25T08:21:09 IST" name="AfterTestMethod" finished-at="2022-11-25T08:21:09 IST" duration-ms="0" status="PASS">
          <reporter-output>
          </reporter-output>
        </test-method> <!-- AfterTestMethod -->
        <test-method is-config="true" signature="AfterSuiteMethod()[pri:0, instance:com.vyasasti.testng.basic.TestNGAnnotations@32b260fa]" started-at="2022-11-25T08:21:11 IST" name="AfterSuiteMethod" finished-at="2022-11-25T08:21:11 IST" duration-ms="1" status="PASS">
          <reporter-output>
          </reporter-output>
        </test-method> <!-- AfterSuiteMethod -->
      </class> <!-- com.vyasasti.testng.basic.TestNGAnnotations -->
      <class name="com.vyasasti.testng.basic.PracticeAutomation">
        <test-method is-config="true" signature="openBrowser()[pri:0, instance:com.vyasasti.testng.basic.PracticeAutomation@2b48a640]" started-at="2022-11-25T08:18:59 IST" name="openBrowser" finished-at="2022-11-25T08:19:15 IST" duration-ms="16110" status="PASS">
          <reporter-output>
          </reporter-output>
        </test-method> <!-- openBrowser -->
        <test-method signature="verifySliderDisplay()[pri:-5, instance:com.vyasasti.testng.basic.PracticeAutomation@2b48a640]" started-at="2022-11-25T08:19:15 IST" name="verifySliderDisplay" finished-at="2022-11-25T08:19:16 IST" duration-ms="463" status="PASS">
          <reporter-output>
          </reporter-output>
        </test-method> <!-- verifySliderDisplay -->
        <test-method signature="test3()[pri:0, instance:com.vyasasti.testng.basic.PracticeAutomation@2b48a640]" started-at="2022-11-25T08:20:08 IST" name="test3" finished-at="2022-11-25T08:20:08 IST" duration-ms="1" status="PASS">
          <reporter-output>
          </reporter-output>
        </test-method> <!-- test3 -->
        <test-method signature="verifyBooksCountDisplayed()[pri:0, instance:com.vyasasti.testng.basic.PracticeAutomation@2b48a640]" started-at="2022-11-25T08:20:08 IST" name="verifyBooksCountDisplayed" finished-at="2022-11-25T08:20:08 IST" duration-ms="267" status="PASS">
          <reporter-output>
          </reporter-output>
        </test-method> <!-- verifyBooksCountDisplayed -->
        <test-method signature="verifyTitleOfHomePage()[pri:1, instance:com.vyasasti.testng.basic.PracticeAutomation@2b48a640]" started-at="2022-11-25T08:20:37 IST" name="verifyTitleOfHomePage" description="verify title of page" finished-at="2022-11-25T08:20:37 IST" duration-ms="46" status="FAIL">
          <exception class="org.openqa.selenium.NoSuchWindowException">
            <message>
              <![CDATA[no such window: target window already closed
from unknown error: web view not found
  (Session info: chrome=107.0.5304.107)
Build info: version: '3.141.59', revision: 'e82be7d358', time: '2018-11-14T08:17:03'
System info: host: 'DESKTOP-58RE0M7', ip: '192.168.29.152', os.name: 'Windows 10', os.arch: 'amd64', os.version: '10.0', java.version: '18.0.1'
Driver info: org.openqa.selenium.chrome.ChromeDriver
Capabilities {acceptInsecureCerts: false, browserName: chrome, browserVersion: 107.0.5304.107, chrome: {chromedriverVersion: 106.0.5249.61 (511755355844..., userDataDir: C:\Users\Mahadev\AppData\Lo...}, goog:chromeOptions: {debuggerAddress: localhost:50790}, javascriptEnabled: true, networkConnectionEnabled: false, pageLoadStrategy: normal, platform: WINDOWS, platformName: WINDOWS, proxy: Proxy(), setWindowRect: true, strictFileInteractability: false, timeouts: {implicit: 0, pageLoad: 300000, script: 30000}, unhandledPromptBehavior: dismiss and notify, webauthn:extension:credBlob: true, webauthn:extension:largeBlob: true, webauthn:virtualAuthenticators: true}
Session ID: 300665de6f7e8ae61362a69825c12e3f]]>
            </message>
            <full-stacktrace>
              <![CDATA[org.openqa.selenium.NoSuchWindowException: no such window: target window already closed
from unknown error: web view not found
  (Session info: chrome=107.0.5304.107)
Build info: version: '3.141.59', revision: 'e82be7d358', time: '2018-11-14T08:17:03'
System info: host: 'DESKTOP-58RE0M7', ip: '192.168.29.152', os.name: 'Windows 10', os.arch: 'amd64', os.version: '10.0', java.version: '18.0.1'
Driver info: org.openqa.selenium.chrome.ChromeDriver
Capabilities {acceptInsecureCerts: false, browserName: chrome, browserVersion: 107.0.5304.107, chrome: {chromedriverVersion: 106.0.5249.61 (511755355844..., userDataDir: C:\Users\Mahadev\AppData\Lo...}, goog:chromeOptions: {debuggerAddress: localhost:50790}, javascriptEnabled: true, networkConnectionEnabled: false, pageLoadStrategy: normal, platform: WINDOWS, platformName: WINDOWS, proxy: Proxy(), setWindowRect: true, strictFileInteractability: false, timeouts: {implicit: 0, pageLoad: 300000, script: 30000}, unhandledPromptBehavior: dismiss and notify, webauthn:extension:credBlob: true, webauthn:extension:largeBlob: true, webauthn:virtualAuthenticators: true}
Session ID: 300665de6f7e8ae61362a69825c12e3f
at java.base/jdk.internal.reflect.DirectConstructorHandleAccessor.newInstance(DirectConstructorHandleAccessor.java:67)
at java.base/java.lang.reflect.Constructor.newInstanceWithCaller(Constructor.java:499)
at java.base/java.lang.reflect.Constructor.newInstance(Constructor.java:483)
at org.openqa.selenium.remote.http.W3CHttpResponseCodec.createException(W3CHttpResponseCodec.java:187)
at org.openqa.selenium.remote.http.W3CHttpResponseCodec.decode(W3CHttpResponseCodec.java:122)
at org.openqa.selenium.remote.http.W3CHttpResponseCodec.decode(W3CHttpResponseCodec.java:49)
at org.openqa.selenium.remote.HttpCommandExecutor.execute(HttpCommandExecutor.java:158)
at org.openqa.selenium.remote.service.DriverCommandExecutor.execute(DriverCommandExecutor.java:83)
at org.openqa.selenium.remote.RemoteWebDriver.execute(RemoteWebDriver.java:552)
at org.openqa.selenium.remote.RemoteWebDriver.execute(RemoteWebDriver.java:609)
at org.openqa.selenium.remote.RemoteWebDriver.getTitle(RemoteWebDriver.java:281)
at com.vyasasti.testng.basic.PracticeAutomation.verifyTitleOfHomePage(PracticeAutomation.java:35)
at java.base/jdk.internal.reflect.DirectMethodHandleAccessor.invoke(DirectMethodHandleAccessor.java:104)
at java.base/java.lang.reflect.Method.invoke(Method.java:577)
at org.testng.internal.MethodInvocationHelper.invokeMethod(MethodInvocationHelper.java:133)
at org.testng.internal.InvokeMethodRunnable.runOne(InvokeMethodRunnable.java:45)
at org.testng.internal.InvokeMethodRunnable.call(InvokeMethodRunnable.java:70)
at org.testng.internal.InvokeMethodRunnable.call(InvokeMethodRunnable.java:11)
at java.base/java.util.concurrent.FutureTask.run(FutureTask.java:264)
at java.base/java.util.concurrent.ThreadPoolExecutor.runWorker(ThreadPoolExecutor.java:1136)
at java.base/java.util.concurrent.ThreadPoolExecutor$Worker.run(ThreadPoolExecutor.java:635)
at java.base/java.lang.Thread.run(Thread.java:833)
]]>
            </full-stacktrace>
          </exception> <!-- org.openqa.selenium.NoSuchWindowException -->
          <reporter-output>
          </reporter-output>
        </test-method> <!-- verifyTitleOfHomePage -->
        <test-method signature="verifySliderCount()[pri:2, instance:com.vyasasti.testng.basic.PracticeAutomation@2b48a640]" started-at="2022-11-25T08:20:37 IST" name="verifySliderCount" finished-at="2022-11-25T08:20:37 IST" depends-on-methods="com.vyasasti.testng.basic.PracticeAutomation.verifyTitleOfHomePage" duration-ms="7" status="FAIL">
          <exception class="org.openqa.selenium.NoSuchWindowException">
            <message>
              <![CDATA[no such window: target window already closed
from unknown error: web view not found
  (Session info: chrome=107.0.5304.107)
Build info: version: '3.141.59', revision: 'e82be7d358', time: '2018-11-14T08:17:03'
System info: host: 'DESKTOP-58RE0M7', ip: '192.168.29.152', os.name: 'Windows 10', os.arch: 'amd64', os.version: '10.0', java.version: '18.0.1'
Driver info: org.openqa.selenium.chrome.ChromeDriver
Capabilities {acceptInsecureCerts: false, browserName: chrome, browserVersion: 107.0.5304.107, chrome: {chromedriverVersion: 106.0.5249.61 (511755355844..., userDataDir: C:\Users\Mahadev\AppData\Lo...}, goog:chromeOptions: {debuggerAddress: localhost:50790}, javascriptEnabled: true, networkConnectionEnabled: false, pageLoadStrategy: normal, platform: WINDOWS, platformName: WINDOWS, proxy: Proxy(), setWindowRect: true, strictFileInteractability: false, timeouts: {implicit: 0, pageLoad: 300000, script: 30000}, unhandledPromptBehavior: dismiss and notify, webauthn:extension:credBlob: true, webauthn:extension:largeBlob: true, webauthn:virtualAuthenticators: true}
Session ID: 300665de6f7e8ae61362a69825c12e3f
*** Element info: {Using=xpath, value=//div[@id="text-22-0-0-1"]//img[@class="n2-ss-slide-background-image n2-ss-slide-fill n2-ow"]}]]>
            </message>
            <full-stacktrace>
              <![CDATA[org.openqa.selenium.NoSuchWindowException: no such window: target window already closed
from unknown error: web view not found
  (Session info: chrome=107.0.5304.107)
Build info: version: '3.141.59', revision: 'e82be7d358', time: '2018-11-14T08:17:03'
System info: host: 'DESKTOP-58RE0M7', ip: '192.168.29.152', os.name: 'Windows 10', os.arch: 'amd64', os.version: '10.0', java.version: '18.0.1'
Driver info: org.openqa.selenium.chrome.ChromeDriver
Capabilities {acceptInsecureCerts: false, browserName: chrome, browserVersion: 107.0.5304.107, chrome: {chromedriverVersion: 106.0.5249.61 (511755355844..., userDataDir: C:\Users\Mahadev\AppData\Lo...}, goog:chromeOptions: {debuggerAddress: localhost:50790}, javascriptEnabled: true, networkConnectionEnabled: false, pageLoadStrategy: normal, platform: WINDOWS, platformName: WINDOWS, proxy: Proxy(), setWindowRect: true, strictFileInteractability: false, timeouts: {implicit: 0, pageLoad: 300000, script: 30000}, unhandledPromptBehavior: dismiss and notify, webauthn:extension:credBlob: true, webauthn:extension:largeBlob: true, webauthn:virtualAuthenticators: true}
Session ID: 300665de6f7e8ae61362a69825c12e3f
*** Element info: {Using=xpath, value=//div[@id="text-22-0-0-1"]//img[@class="n2-ss-slide-background-image n2-ss-slide-fill n2-ow"]}
at java.base/jdk.internal.reflect.DirectConstructorHandleAccessor.newInstance(DirectConstructorHandleAccessor.java:67)
at java.base/java.lang.reflect.Constructor.newInstanceWithCaller(Constructor.java:499)
at java.base/java.lang.reflect.Constructor.newInstance(Constructor.java:483)
at org.openqa.selenium.remote.http.W3CHttpResponseCodec.createException(W3CHttpResponseCodec.java:187)
at org.openqa.selenium.remote.http.W3CHttpResponseCodec.decode(W3CHttpResponseCodec.java:122)
at org.openqa.selenium.remote.http.W3CHttpResponseCodec.decode(W3CHttpResponseCodec.java:49)
at org.openqa.selenium.remote.HttpCommandExecutor.execute(HttpCommandExecutor.java:158)
at org.openqa.selenium.remote.service.DriverCommandExecutor.execute(DriverCommandExecutor.java:83)
at org.openqa.selenium.remote.RemoteWebDriver.execute(RemoteWebDriver.java:552)
at org.openqa.selenium.remote.RemoteWebDriver.findElements(RemoteWebDriver.java:353)
at org.openqa.selenium.remote.RemoteWebDriver.findElementsByXPath(RemoteWebDriver.java:432)
at org.openqa.selenium.By$ByXPath.findElements(By.java:348)
at org.openqa.selenium.remote.RemoteWebDriver.findElements(RemoteWebDriver.java:311)
at com.vyasasti.testng.basic.PracticeAutomation.verifySliderCount(PracticeAutomation.java:68)
at java.base/jdk.internal.reflect.DirectMethodHandleAccessor.invoke(DirectMethodHandleAccessor.java:104)
at java.base/java.lang.reflect.Method.invoke(Method.java:577)
at org.testng.internal.MethodInvocationHelper.invokeMethod(MethodInvocationHelper.java:133)
at org.testng.internal.TestInvoker.invokeMethod(TestInvoker.java:598)
at org.testng.internal.TestInvoker.invokeTestMethod(TestInvoker.java:173)
at org.testng.internal.MethodRunner.runInSequence(MethodRunner.java:46)
at org.testng.internal.TestInvoker$MethodInvocationAgent.invoke(TestInvoker.java:824)
at org.testng.internal.TestInvoker.invokeTestMethods(TestInvoker.java:146)
at org.testng.internal.TestMethodWorker.invokeTestMethods(TestMethodWorker.java:146)
at org.testng.internal.TestMethodWorker.run(TestMethodWorker.java:128)
at java.base/java.util.ArrayList.forEach(ArrayList.java:1511)
at org.testng.TestRunner.privateRun(TestRunner.java:794)
at org.testng.TestRunner.run(TestRunner.java:596)
at org.testng.SuiteRunner.runTest(SuiteRunner.java:377)
at org.testng.SuiteRunner.runSequentially(SuiteRunner.java:371)
at org.testng.SuiteRunner.privateRun(SuiteRunner.java:332)
at org.testng.SuiteRunner.run(SuiteRunner.java:276)
at org.testng.SuiteRunnerWorker.runSuite(SuiteRunnerWorker.java:53)
at org.testng.SuiteRunnerWorker.run(SuiteRunnerWorker.java:96)
at org.testng.TestNG.runSuitesSequentially(TestNG.java:1212)
at org.testng.TestNG.runSuitesLocally(TestNG.java:1134)
at org.testng.TestNG.runSuites(TestNG.java:1063)
at org.testng.TestNG.run(TestNG.java:1031)
at org.apache.maven.surefire.testng.TestNGExecutor.run(TestNGExecutor.java:284)
at org.apache.maven.surefire.testng.TestNGXmlTestSuite.execute(TestNGXmlTestSuite.java:75)
at org.apache.maven.surefire.testng.TestNGProvider.invoke(TestNGProvider.java:119)
at org.apache.maven.surefire.booter.ForkedBooter.runSuitesInProcess(ForkedBooter.java:428)
at org.apache.maven.surefire.booter.ForkedBooter.execute(ForkedBooter.java:162)
at org.apache.maven.surefire.booter.ForkedBooter.run(ForkedBooter.java:562)
at org.apache.maven.surefire.booter.ForkedBooter.main(ForkedBooter.java:548)
]]>
            </full-stacktrace>
          </exception> <!-- org.openqa.selenium.NoSuchWindowException -->
          <reporter-output>
          </reporter-output>
        </test-method> <!-- verifySliderCount -->
        <test-method signature="verifyNewArrivalHeaderText()[pri:3, instance:com.vyasasti.testng.basic.PracticeAutomation@2b48a640]" started-at="2022-11-25T08:20:37 IST" name="verifyNewArrivalHeaderText" description="To verify header text" finished-at="2022-11-25T08:20:37 IST" duration-ms="7" status="FAIL">
          <exception class="org.openqa.selenium.NoSuchWindowException">
            <message>
              <![CDATA[no such window: target window already closed
from unknown error: web view not found
  (Session info: chrome=107.0.5304.107)
Build info: version: '3.141.59', revision: 'e82be7d358', time: '2018-11-14T08:17:03'
System info: host: 'DESKTOP-58RE0M7', ip: '192.168.29.152', os.name: 'Windows 10', os.arch: 'amd64', os.version: '10.0', java.version: '18.0.1'
Driver info: org.openqa.selenium.chrome.ChromeDriver
Capabilities {acceptInsecureCerts: false, browserName: chrome, browserVersion: 107.0.5304.107, chrome: {chromedriverVersion: 106.0.5249.61 (511755355844..., userDataDir: C:\Users\Mahadev\AppData\Lo...}, goog:chromeOptions: {debuggerAddress: localhost:50790}, javascriptEnabled: true, networkConnectionEnabled: false, pageLoadStrategy: normal, platform: WINDOWS, platformName: WINDOWS, proxy: Proxy(), setWindowRect: true, strictFileInteractability: false, timeouts: {implicit: 0, pageLoad: 300000, script: 30000}, unhandledPromptBehavior: dismiss and notify, webauthn:extension:credBlob: true, webauthn:extension:largeBlob: true, webauthn:virtualAuthenticators: true}
Session ID: 300665de6f7e8ae61362a69825c12e3f
*** Element info: {Using=tag name, value=h2}]]>
            </message>
            <full-stacktrace>
              <![CDATA[org.openqa.selenium.NoSuchWindowException: no such window: target window already closed
from unknown error: web view not found
  (Session info: chrome=107.0.5304.107)
Build info: version: '3.141.59', revision: 'e82be7d358', time: '2018-11-14T08:17:03'
System info: host: 'DESKTOP-58RE0M7', ip: '192.168.29.152', os.name: 'Windows 10', os.arch: 'amd64', os.version: '10.0', java.version: '18.0.1'
Driver info: org.openqa.selenium.chrome.ChromeDriver
Capabilities {acceptInsecureCerts: false, browserName: chrome, browserVersion: 107.0.5304.107, chrome: {chromedriverVersion: 106.0.5249.61 (511755355844..., userDataDir: C:\Users\Mahadev\AppData\Lo...}, goog:chromeOptions: {debuggerAddress: localhost:50790}, javascriptEnabled: true, networkConnectionEnabled: false, pageLoadStrategy: normal, platform: WINDOWS, platformName: WINDOWS, proxy: Proxy(), setWindowRect: true, strictFileInteractability: false, timeouts: {implicit: 0, pageLoad: 300000, script: 30000}, unhandledPromptBehavior: dismiss and notify, webauthn:extension:credBlob: true, webauthn:extension:largeBlob: true, webauthn:virtualAuthenticators: true}
Session ID: 300665de6f7e8ae61362a69825c12e3f
*** Element info: {Using=tag name, value=h2}
at java.base/jdk.internal.reflect.DirectConstructorHandleAccessor.newInstance(DirectConstructorHandleAccessor.java:67)
at java.base/java.lang.reflect.Constructor.newInstanceWithCaller(Constructor.java:499)
at java.base/java.lang.reflect.Constructor.newInstance(Constructor.java:483)
at org.openqa.selenium.remote.http.W3CHttpResponseCodec.createException(W3CHttpResponseCodec.java:187)
at org.openqa.selenium.remote.http.W3CHttpResponseCodec.decode(W3CHttpResponseCodec.java:122)
at org.openqa.selenium.remote.http.W3CHttpResponseCodec.decode(W3CHttpResponseCodec.java:49)
at org.openqa.selenium.remote.HttpCommandExecutor.execute(HttpCommandExecutor.java:158)
at org.openqa.selenium.remote.service.DriverCommandExecutor.execute(DriverCommandExecutor.java:83)
at org.openqa.selenium.remote.RemoteWebDriver.execute(RemoteWebDriver.java:552)
at org.openqa.selenium.remote.RemoteWebDriver.findElement(RemoteWebDriver.java:323)
at org.openqa.selenium.remote.RemoteWebDriver.findElementByTagName(RemoteWebDriver.java:396)
at org.openqa.selenium.By$ByTagName.findElement(By.java:320)
at org.openqa.selenium.remote.RemoteWebDriver.findElement(RemoteWebDriver.java:315)
at com.vyasasti.testng.basic.PracticeAutomation.verifyNewArrivalHeaderText(PracticeAutomation.java:53)
at java.base/jdk.internal.reflect.DirectMethodHandleAccessor.invoke(DirectMethodHandleAccessor.java:104)
at java.base/java.lang.reflect.Method.invoke(Method.java:577)
at org.testng.internal.MethodInvocationHelper.invokeMethod(MethodInvocationHelper.java:133)
at org.testng.internal.TestInvoker.invokeMethod(TestInvoker.java:598)
at org.testng.internal.TestInvoker.invokeTestMethod(TestInvoker.java:173)
at org.testng.internal.MethodRunner.runInSequence(MethodRunner.java:46)
at org.testng.internal.TestInvoker$MethodInvocationAgent.invoke(TestInvoker.java:824)
at org.testng.internal.TestInvoker.invokeTestMethods(TestInvoker.java:146)
at org.testng.internal.TestMethodWorker.invokeTestMethods(TestMethodWorker.java:146)
at org.testng.internal.TestMethodWorker.run(TestMethodWorker.java:128)
at java.base/java.util.ArrayList.forEach(ArrayList.java:1511)
at org.testng.TestRunner.privateRun(TestRunner.java:794)
at org.testng.TestRunner.run(TestRunner.java:596)
at org.testng.SuiteRunner.runTest(SuiteRunner.java:377)
at org.testng.SuiteRunner.runSequentially(SuiteRunner.java:371)
at org.testng.SuiteRunner.privateRun(SuiteRunner.java:332)
at org.testng.SuiteRunner.run(SuiteRunner.java:276)
at org.testng.SuiteRunnerWorker.runSuite(SuiteRunnerWorker.java:53)
at org.testng.SuiteRunnerWorker.run(SuiteRunnerWorker.java:96)
at org.testng.TestNG.runSuitesSequentially(TestNG.java:1212)
at org.testng.TestNG.runSuitesLocally(TestNG.java:1134)
at org.testng.TestNG.runSuites(TestNG.java:1063)
at org.testng.TestNG.run(TestNG.java:1031)
at org.apache.maven.surefire.testng.TestNGExecutor.run(TestNGExecutor.java:284)
at org.apache.maven.surefire.testng.TestNGXmlTestSuite.execute(TestNGXmlTestSuite.java:75)
at org.apache.maven.surefire.testng.TestNGProvider.invoke(TestNGProvider.java:119)
at org.apache.maven.surefire.booter.ForkedBooter.runSuitesInProcess(ForkedBooter.java:428)
at org.apache.maven.surefire.booter.ForkedBooter.execute(ForkedBooter.java:162)
at org.apache.maven.surefire.booter.ForkedBooter.run(ForkedBooter.java:562)
at org.apache.maven.surefire.booter.ForkedBooter.main(ForkedBooter.java:548)
]]>
            </full-stacktrace>
          </exception> <!-- org.openqa.selenium.NoSuchWindowException -->
          <reporter-output>
          </reporter-output>
        </test-method> <!-- verifyNewArrivalHeaderText -->
        <test-method signature="test2()[pri:0, instance:com.vyasasti.testng.basic.PracticeAutomation@2b48a640]" started-at="2022-11-25T08:20:37 IST" name="test2" depends-on-groups="Sanity" finished-at="2022-11-25T08:20:37 IST" duration-ms="0" status="SKIP">
          <exception class="java.lang.Throwable">
            <message>
              <![CDATA[Method PracticeAutomation.test2()[pri:0, instance:com.vyasasti.testng.basic.PracticeAutomation@2b48a640] depends on not successfully finished methods in group "Sanity"]]>
            </message>
            <full-stacktrace>
              <![CDATA[java.lang.Throwable: Method PracticeAutomation.test2()[pri:0, instance:com.vyasasti.testng.basic.PracticeAutomation@2b48a640] depends on not successfully finished methods in group "Sanity"
at org.testng.internal.TestInvoker.invokeTestMethods(TestInvoker.java:102)
at org.testng.internal.TestMethodWorker.invokeTestMethods(TestMethodWorker.java:146)
at org.testng.internal.TestMethodWorker.run(TestMethodWorker.java:128)
at java.base/java.util.ArrayList.forEach(ArrayList.java:1511)
at org.testng.TestRunner.privateRun(TestRunner.java:794)
at org.testng.TestRunner.run(TestRunner.java:596)
at org.testng.SuiteRunner.runTest(SuiteRunner.java:377)
at org.testng.SuiteRunner.runSequentially(SuiteRunner.java:371)
at org.testng.SuiteRunner.privateRun(SuiteRunner.java:332)
at org.testng.SuiteRunner.run(SuiteRunner.java:276)
at org.testng.SuiteRunnerWorker.runSuite(SuiteRunnerWorker.java:53)
at org.testng.SuiteRunnerWorker.run(SuiteRunnerWorker.java:96)
at org.testng.TestNG.runSuitesSequentially(TestNG.java:1212)
at org.testng.TestNG.runSuitesLocally(TestNG.java:1134)
at org.testng.TestNG.runSuites(TestNG.java:1063)
at org.testng.TestNG.run(TestNG.java:1031)
at org.apache.maven.surefire.testng.TestNGExecutor.run(TestNGExecutor.java:284)
at org.apache.maven.surefire.testng.TestNGXmlTestSuite.execute(TestNGXmlTestSuite.java:75)
at org.apache.maven.surefire.testng.TestNGProvider.invoke(TestNGProvider.java:119)
at org.apache.maven.surefire.booter.ForkedBooter.runSuitesInProcess(ForkedBooter.java:428)
at org.apache.maven.surefire.booter.ForkedBooter.execute(ForkedBooter.java:162)
at org.apache.maven.surefire.booter.ForkedBooter.run(ForkedBooter.java:562)
at org.apache.maven.surefire.booter.ForkedBooter.main(ForkedBooter.java:548)
]]>
            </full-stacktrace>
          </exception> <!-- java.lang.Throwable -->
          <reporter-output>
          </reporter-output>
        </test-method> <!-- test2 -->
        <test-method is-config="true" signature="closeBrowser()[pri:0, instance:com.vyasasti.testng.basic.PracticeAutomation@2b48a640]" started-at="2022-11-25T08:20:37 IST" name="closeBrowser" finished-at="2022-11-25T08:21:09 IST" duration-ms="32368" status="FAIL">
          <exception class="org.openqa.selenium.WebDriverException">
            <message>
              <![CDATA[disconnected: unable to connect to renderer
  (failed to check if window was closed: disconnected: unable to connect to renderer)
  (Session info: chrome=107.0.5304.107)
Build info: version: '3.141.59', revision: 'e82be7d358', time: '2018-11-14T08:17:03'
System info: host: 'DESKTOP-58RE0M7', ip: '192.168.29.152', os.name: 'Windows 10', os.arch: 'amd64', os.version: '10.0', java.version: '18.0.1'
Driver info: org.openqa.selenium.chrome.ChromeDriver
Capabilities {acceptInsecureCerts: false, browserName: chrome, browserVersion: 107.0.5304.107, chrome: {chromedriverVersion: 106.0.5249.61 (511755355844..., userDataDir: C:\Users\Mahadev\AppData\Lo...}, goog:chromeOptions: {debuggerAddress: localhost:50790}, javascriptEnabled: true, networkConnectionEnabled: false, pageLoadStrategy: normal, platform: WINDOWS, platformName: WINDOWS, proxy: Proxy(), setWindowRect: true, strictFileInteractability: false, timeouts: {implicit: 0, pageLoad: 300000, script: 30000}, unhandledPromptBehavior: dismiss and notify, webauthn:extension:credBlob: true, webauthn:extension:largeBlob: true, webauthn:virtualAuthenticators: true}
Session ID: 300665de6f7e8ae61362a69825c12e3f]]>
            </message>
            <full-stacktrace>
              <![CDATA[org.openqa.selenium.WebDriverException: disconnected: unable to connect to renderer
  (failed to check if window was closed: disconnected: unable to connect to renderer)
  (Session info: chrome=107.0.5304.107)
Build info: version: '3.141.59', revision: 'e82be7d358', time: '2018-11-14T08:17:03'
System info: host: 'DESKTOP-58RE0M7', ip: '192.168.29.152', os.name: 'Windows 10', os.arch: 'amd64', os.version: '10.0', java.version: '18.0.1'
Driver info: org.openqa.selenium.chrome.ChromeDriver
Capabilities {acceptInsecureCerts: false, browserName: chrome, browserVersion: 107.0.5304.107, chrome: {chromedriverVersion: 106.0.5249.61 (511755355844..., userDataDir: C:\Users\Mahadev\AppData\Lo...}, goog:chromeOptions: {debuggerAddress: localhost:50790}, javascriptEnabled: true, networkConnectionEnabled: false, pageLoadStrategy: normal, platform: WINDOWS, platformName: WINDOWS, proxy: Proxy(), setWindowRect: true, strictFileInteractability: false, timeouts: {implicit: 0, pageLoad: 300000, script: 30000}, unhandledPromptBehavior: dismiss and notify, webauthn:extension:credBlob: true, webauthn:extension:largeBlob: true, webauthn:virtualAuthenticators: true}
Session ID: 300665de6f7e8ae61362a69825c12e3f
at java.base/jdk.internal.reflect.DirectConstructorHandleAccessor.newInstance(DirectConstructorHandleAccessor.java:67)
at java.base/java.lang.reflect.Constructor.newInstanceWithCaller(Constructor.java:499)
at java.base/java.lang.reflect.Constructor.newInstance(Constructor.java:483)
at org.openqa.selenium.remote.http.W3CHttpResponseCodec.createException(W3CHttpResponseCodec.java:187)
at org.openqa.selenium.remote.http.W3CHttpResponseCodec.decode(W3CHttpResponseCodec.java:122)
at org.openqa.selenium.remote.http.W3CHttpResponseCodec.decode(W3CHttpResponseCodec.java:49)
at org.openqa.selenium.remote.HttpCommandExecutor.execute(HttpCommandExecutor.java:158)
at org.openqa.selenium.remote.service.DriverCommandExecutor.execute(DriverCommandExecutor.java:83)
at org.openqa.selenium.remote.RemoteWebDriver.execute(RemoteWebDriver.java:552)
at org.openqa.selenium.remote.RemoteWebDriver.execute(RemoteWebDriver.java:609)
at org.openqa.selenium.remote.RemoteWebDriver.close(RemoteWebDriver.java:442)
at com.vyasasti.testng.basic.PracticeAutomation.closeBrowser(PracticeAutomation.java:84)
at java.base/jdk.internal.reflect.DirectMethodHandleAccessor.invoke(DirectMethodHandleAccessor.java:104)
at java.base/java.lang.reflect.Method.invoke(Method.java:577)
at org.testng.internal.MethodInvocationHelper.invokeMethod(MethodInvocationHelper.java:133)
at org.testng.internal.MethodInvocationHelper.invokeMethodConsideringTimeout(MethodInvocationHelper.java:62)
at org.testng.internal.ConfigInvoker.invokeConfigurationMethod(ConfigInvoker.java:385)
at org.testng.internal.ConfigInvoker.invokeConfigurations(ConfigInvoker.java:321)
at org.testng.internal.TestMethodWorker.invokeAfterClassMethods(TestMethodWorker.java:217)
at org.testng.internal.TestMethodWorker.run(TestMethodWorker.java:130)
at java.base/java.util.ArrayList.forEach(ArrayList.java:1511)
at org.testng.TestRunner.privateRun(TestRunner.java:794)
at org.testng.TestRunner.run(TestRunner.java:596)
at org.testng.SuiteRunner.runTest(SuiteRunner.java:377)
at org.testng.SuiteRunner.runSequentially(SuiteRunner.java:371)
at org.testng.SuiteRunner.privateRun(SuiteRunner.java:332)
at org.testng.SuiteRunner.run(SuiteRunner.java:276)
at org.testng.SuiteRunnerWorker.runSuite(SuiteRunnerWorker.java:53)
at org.testng.SuiteRunnerWorker.run(SuiteRunnerWorker.java:96)
at org.testng.TestNG.runSuitesSequentially(TestNG.java:1212)
at org.testng.TestNG.runSuitesLocally(TestNG.java:1134)
at org.testng.TestNG.runSuites(TestNG.java:1063)
at org.testng.TestNG.run(TestNG.java:1031)
at org.apache.maven.surefire.testng.TestNGExecutor.run(TestNGExecutor.java:284)
at org.apache.maven.surefire.testng.TestNGXmlTestSuite.execute(TestNGXmlTestSuite.java:75)
at org.apache.maven.surefire.testng.TestNGProvider.invoke(TestNGProvider.java:119)
at org.apache.maven.surefire.booter.ForkedBooter.runSuitesInProcess(ForkedBooter.java:428)
at org.apache.maven.surefire.booter.ForkedBooter.execute(ForkedBooter.java:162)
at org.apache.maven.surefire.booter.ForkedBooter.run(ForkedBooter.java:562)
at org.apache.maven.surefire.booter.ForkedBooter.main(ForkedBooter.java:548)
]]>
            </full-stacktrace>
          </exception> <!-- org.openqa.selenium.WebDriverException -->
          <reporter-output>
          </reporter-output>
        </test-method> <!-- closeBrowser -->
      </class> <!-- com.vyasasti.testng.basic.PracticeAutomation -->
    </test> <!-- Test -->
  </suite> <!-- Suite -->
</testng-results>
